Traceback (most recent call last):
  File "/mnt/cmsrm-home01.roma1.infn.it/cmshome/fderiggi/CMSSW_10_2_13/bin/slc7_amd64_gcc700/text2workspace.py", line 37, in <module>
    file = open(options.fileName, "r")
IOError: [Errno 2] No such file or directory: 'Datacard_xsec.txt'
Traceback (most recent call last):
  File "/mnt/cmsrm-home01.roma1.infn.it/cmshome/fderiggi/CMSSW_10_2_13/bin/slc7_amd64_gcc700/text2workspace.py", line 40, in <module>
    DC = parseCard(file, options)
  File "/mnt/cmsrm-home01.roma1.infn.it/cmshome/fderiggi/CMSSW_10_2_13/python/HiggsAnalysis/CombinedLimit/DatacardParser.py", line 306, in parseCard
    if v <= 0.00: raise ValueError('Found "%s" in the nuisances affecting %s for %s. This would lead to NANs later on, so please fix it.'%(r,p,b))
ValueError: Error reading line 1438 of file Datacard_xsec.txt: Found "2.000/0.000" in the nuisances affecting ggH_2016preVFP_hgg for RECO_TTH_HAD_PTH_60_120_Tag1. This would lead to NANs later on, so please fix it.
Traceback (most recent call last):
  File "/mnt/cmsrm-home01.roma1.infn.it/cmshome/fderiggi/CMSSW_10_2_13/bin/slc7_amd64_gcc700/text2workspace.py", line 40, in <module>
    DC = parseCard(file, options)
  File "/mnt/cmsrm-home01.roma1.infn.it/cmshome/fderiggi/CMSSW_10_2_13/python/HiggsAnalysis/CombinedLimit/DatacardParser.py", line 306, in parseCard
    if v <= 0.00: raise ValueError('Found "%s" in the nuisances affecting %s for %s. This would lead to NANs later on, so please fix it.'%(r,p,b))
ValueError: Error reading line 1438 of file Datacard_xsec.txt: Found "2.000/0.000" in the nuisances affecting ggH_2016preVFP_hgg for RECO_TTH_HAD_PTH_60_120_Tag1. This would lead to NANs later on, so please fix it.
Traceback (most recent call last):
  File "/mnt/cmsrm-home01.roma1.infn.it/cmshome/fderiggi/CMSSW_10_2_13/bin/slc7_amd64_gcc700/text2workspace.py", line 40, in <module>
    DC = parseCard(file, options)
  File "/mnt/cmsrm-home01.roma1.infn.it/cmshome/fderiggi/CMSSW_10_2_13/python/HiggsAnalysis/CombinedLimit/DatacardParser.py", line 306, in parseCard
    if v <= 0.00: raise ValueError('Found "%s" in the nuisances affecting %s for %s. This would lead to NANs later on, so please fix it.'%(r,p,b))
ValueError: Error reading line 1438 of file Datacard_xsec.txt: Found "2.000/0.000" in the nuisances affecting ggH_2016preVFP_hgg for RECO_TTH_HAD_PTH_60_120_Tag1. This would lead to NANs later on, so please fix it.
Traceback (most recent call last):
  File "/mnt/cmsrm-home01.roma1.infn.it/cmshome/fderiggi/CMSSW_10_2_13/bin/slc7_amd64_gcc700/text2workspace.py", line 40, in <module>
    DC = parseCard(file, options)
  File "/mnt/cmsrm-home01.roma1.infn.it/cmshome/fderiggi/CMSSW_10_2_13/python/HiggsAnalysis/CombinedLimit/DatacardParser.py", line 304, in parseCard
    if v <= 0.00: raise ValueError('Found "%s" in the nuisances affecting %s for %s. This would lead to NANs later on, so please fix it.'%(r,p,b))
ValueError: Error reading line 1438 of file Datacard_xsec.txt: Found "2.000/0.000" in the nuisances affecting ggH_2016preVFP_hgg for RECO_TTH_HAD_PTH_60_120_Tag1. This would lead to NANs later on, so please fix it.
Traceback (most recent call last):
  File "/mnt/cmsrm-home01.roma1.infn.it/cmshome/fderiggi/CMSSW_10_2_13/bin/slc7_amd64_gcc700/text2workspace.py", line 40, in <module>
    DC = parseCard(file, options)
  File "/mnt/cmsrm-home01.roma1.infn.it/cmshome/fderiggi/CMSSW_10_2_13/python/HiggsAnalysis/CombinedLimit/DatacardParser.py", line 304, in parseCard
    if v <= 0.00: raise ValueError('Found "%s" in the nuisances affecting %s for %s. This would lead to NANs later on, so please fix it.'%(r,p,b))
ValueError: Error reading line 1438 of file Datacard_xsec.txt: Found "2.000/0.000" in the nuisances affecting ggH_2016preVFP_hgg for RECO_TTH_HAD_PTH_60_120_Tag1. This would lead to NANs later on, so please fix it.
Traceback (most recent call last):
  File "/mnt/cmsrm-home01.roma1.infn.it/cmshome/fderiggi/CMSSW_10_2_13/bin/slc7_amd64_gcc700/text2workspace.py", line 40, in <module>
    DC = parseCard(file, options)
  File "/mnt/cmsrm-home01.roma1.infn.it/cmshome/fderiggi/CMSSW_10_2_13/python/HiggsAnalysis/CombinedLimit/DatacardParser.py", line 304, in parseCard
    if v <= 0.00: raise ValueError('Found "%s" in the nuisances affecting %s for %s. This would lead to NANs later on, so please fix it.'%(r,p,b))
ValueError: Error reading line 1438 of file Datacard_xsec.txt: Found "2.000/0.000" in the nuisances affecting ggH_2016preVFP_hgg for RECO_TTH_HAD_PTH_60_120_Tag1. This would lead to NANs later on, so please fix it.
Traceback (most recent call last):
  File "/mnt/cmsrm-home01.roma1.infn.it/cmshome/fderiggi/CMSSW_10_2_13/bin/slc7_amd64_gcc700/text2workspace.py", line 40, in <module>
    DC = parseCard(file, options)
  File "/mnt/cmsrm-home01.roma1.infn.it/cmshome/fderiggi/CMSSW_10_2_13/python/HiggsAnalysis/CombinedLimit/DatacardParser.py", line 304, in parseCard
    if v <= 0.00: raise ValueError('Found "%s" in the nuisances affecting %s for %s. This would lead to NANs later on, so please fix it.'%(r,p,b))
ValueError: Error reading line 1438 of file Datacard_xsec.txt: Found "2.000/0.000" in the nuisances affecting ggH_2016preVFP_hgg for RECO_TTH_HAD_PTH_60_120_Tag1. This would lead to NANs later on, so please fix it.
perl: warning: Setting locale failed.
perl: warning: Please check that your locale settings:
	LANGUAGE = (unset),
	LC_ALL = (unset),
	LC_CTYPE = "UTF-8",
	LANG = "C"
    are supported and installed on your system.
perl: warning: Falling back to the standard locale ("C").
Traceback (most recent call last):
  File "/mnt/cmsrm-home01.roma1.infn.it/cmshome/fderiggi/CMSSW_10_2_13/bin/slc7_amd64_gcc700/text2workspace.py", line 40, in <module>
    DC = parseCard(file, options)
  File "/mnt/cmsrm-home01.roma1.infn.it/cmshome/fderiggi/CMSSW_10_2_13/python/HiggsAnalysis/CombinedLimit/DatacardParser.py", line 304, in parseCard
    if v <= 0.00: raise ValueError('Found "%s" in the nuisances affecting %s for %s. This would lead to NANs later on, so please fix it.'%(r,p,b))
ValueError: Error reading line 1438 of file Datacard_xsec.txt: Found "2.000/0.000" in the nuisances affecting ggH_2016preVFP_hgg for RECO_TTH_HAD_PTH_60_120_Tag1. This would lead to NANs later on, so please fix it.
Error in <TList::Clear>: A list is accessing an object (0x81a59d0) already deleted (list name = TList)
Error in <TList::Clear>: A list is accessing an object (0x81a5c00) already deleted (list name = TList)
Error in <TList::Clear>: A list is accessing an object (0x10af3050) already deleted (list name = TList)
Error in <TList::Clear>: A list is accessing an object (0x10af3280) already deleted (list name = TList)
Error in <TList::Clear>: A list is accessing an object (0x162a63b0) already deleted (list name = TList)
Error in <TList::Clear>: A list is accessing an object (0x162e70e0) already deleted (list name = TList)
Error in <TList::Clear>: A list is accessing an object (0x167c11b0) already deleted (list name = TList)
Error in <TList::Clear>: A list is accessing an object (0x16788be0) already deleted (list name = TList)
Error in <TList::Clear>: A list is accessing an object (0x1cff3320) already deleted (list name = TList)
Error in <TList::Clear>: A list is accessing an object (0x21d57820) already deleted (list name = TList)
Error in <TList::Clear>: A list is accessing an object (0x2ac2d6d0) already deleted (list name = TList)
Error in <TList::Clear>: A list is accessing an object (0x2abea6e0) already deleted (list name = TList)
Error in <TList::Clear>: A list is accessing an object (0x33b1bff0) already deleted (list name = TList)
Error in <TList::Clear>: A list is accessing an object (0x33c2c870) already deleted (list name = TList)
Error in <TList::Clear>: A list is accessing an object (0x33fe4870) already deleted (list name = TList)
Error in <TList::Clear>: A list is accessing an object (0x39d0d9e0) already deleted (list name = TList)
Error in <TList::Clear>: A list is accessing an object (0x40a24b00) already deleted (list name = TList)
Error in <TList::Clear>: A list is accessing an object (0x40a24c80) already deleted (list name = TList)
Error in <TList::Clear>: A list is accessing an object (0x40efdef0) already deleted (list name = TList)
Error in <TList::Clear>: A list is accessing an object (0x40efe070) already deleted (list name = TList)
Error in <TList::Clear>: A list is accessing an object (0x41324180) already deleted (list name = TList)
Error in <TList::Clear>: A list is accessing an object (0x40f5b5f0) already deleted (list name = TList)
Error in <TList::Clear>: A list is accessing an object (0x41384a30) already deleted (list name = TList)
Error in <TList::Clear>: A list is accessing an object (0x4d516d50) already deleted (list name = TList)
Error in <TList::Clear>: A list is accessing an object (0x4135c4b0) already deleted (list name = TList)
Error in <TList::Clear>: A list is accessing an object (0x524901d0) already deleted (list name = TList)
Error in <TList::Clear>: A list is accessing an object (0x58dcfa10) already deleted (list name = TList)
Error in <TList::Clear>: A list is accessing an object (0x58a77070) already deleted (list name = TList)
Error in <TList::Clear>: A list is accessing an object (0x66a55c30) already deleted (list name = TList)
Error in <TList::Clear>: A list is accessing an object (0x66a55d80) already deleted (list name = TList)
Error in <TList::Clear>: A list is accessing an object (0x6edea990) already deleted (list name = TList)
Error in <TList::Clear>: A list is accessing an object (0x6eded090) already deleted (list name = TList)
Error in <TList::Clear>: A list is accessing an object (0x73f301b0) already deleted (list name = TList)
Error in <TList::Clear>: A list is accessing an object (0x73f8c610) already deleted (list name = TList)
Error in <TList::Clear>: A list is accessing an object (0x742256f0) already deleted (list name = TList)
Error in <TList::Clear>: A list is accessing an object (0x74640ad0) already deleted (list name = TList)
Error in <TList::Clear>: A list is accessing an object (0x7a6567b0) already deleted (list name = TList)
Error in <TList::Clear>: A list is accessing an object (0x7a6525f0) already deleted (list name = TList)
Error in <TList::Clear>: A list is accessing an object (0x8015bc00) already deleted (list name = TList)
Error in <TList::Clear>: A list is accessing an object (0x7ffbceb0) already deleted (list name = TList)
Error in <TList::Clear>: A list is accessing an object (0x85e5fcd0) already deleted (list name = TList)
Error in <TList::Clear>: A list is accessing an object (0x85e4a210) already deleted (list name = TList)
Error in <TList::Clear>: A list is accessing an object (0x90468020) already deleted (list name = TList)
Error in <TList::Clear>: A list is accessing an object (0x8c3d4080) already deleted (list name = TList)
Error in <TList::Clear>: A list is accessing an object (0x972fbff0) already deleted (list name = TList)
Error in <TList::Clear>: A list is accessing an object (0x972f80a0) already deleted (list name = TList)
Error in <TList::Clear>: A list is accessing an object (0x97557700) already deleted (list name = TList)
Error in <TList::Clear>: A list is accessing an object (0x97aac590) already deleted (list name = TList)
Error in <TList::Clear>: A list is accessing an object (0x9db7b2f0) already deleted (list name = TList)
Error in <TList::Clear>: A list is accessing an object (0x9dd120c0) already deleted (list name = TList)
Error in <TList::Clear>: A list is accessing an object (0xaa2b9860) already deleted (list name = TList)
Error in <TList::Clear>: A list is accessing an object (0xa556a4e0) already deleted (list name = TList)
Error in <TList::Clear>: A list is accessing an object (0xaab28db0) already deleted (list name = TList)
Error in <TList::Clear>: A list is accessing an object (0xaab6d900) already deleted (list name = TList)
Error in <TList::Clear>: A list is accessing an object (0xb0fae580) already deleted (list name = TList)
Error in <TList::Clear>: A list is accessing an object (0xb1213510) already deleted (list name = TList)
Error in <TList::Clear>: A list is accessing an object (0xba8945c0) already deleted (list name = TList)
Error in <TList::Clear>: A list is accessing an object (0xbb963e50) already deleted (list name = TList)
Error in <TList::Clear>: A list is accessing an object (0xbbe89780) already deleted (list name = TList)
Error in <TList::Clear>: A list is accessing an object (0xbbe89900) already deleted (list name = TList)
Error in <TList::Clear>: A list is accessing an object (0xc9988ec0) already deleted (list name = TList)
Error in <TList::Clear>: A list is accessing an object (0xcb916e20) already deleted (list name = TList)
Error in <TList::Clear>: A list is accessing an object (0xd0f7f600) already deleted (list name = TList)
Error in <TList::Clear>: A list is accessing an object (0xd0f7c300) already deleted (list name = TList)
Error in <TList::Clear>: A list is accessing an object (0xd375a040) already deleted (list name = TList)
Error in <TList::Clear>: A list is accessing an object (0xd11df8c0) already deleted (list name = TList)
Error in <TList::Clear>: A list is accessing an object (0xd8e3c2c0) already deleted (list name = TList)
Error in <TList::Clear>: A list is accessing an object (0xd8e3c440) already deleted (list name = TList)
Error in <TList::Clear>: A list is accessing an object (0xd517d2a0) already deleted (list name = TList)
Error in <TList::Clear>: A list is accessing an object (0xd517d3f0) already deleted (list name = TList)
Error in <TList::Clear>: A list is accessing an object (0xe17bd6c0) already deleted (list name = TList)
Error in <TList::Clear>: A list is accessing an object (0xdccefcd0) already deleted (list name = TList)
Error in <TList::Clear>: A list is accessing an object (0xdce45040) already deleted (list name = TList)
Error in <TList::Clear>: A list is accessing an object (0xdce45220) already deleted (list name = TList)
Error in <TList::Clear>: A list is accessing an object (0xe7b65060) already deleted (list name = TList)
Error in <TList::Clear>: A list is accessing an object (0xe5abf820) already deleted (list name = TList)
Error in <TList::Clear>: A list is accessing an object (0xe9b2c7e0) already deleted (list name = TList)
Error in <TList::Clear>: A list is accessing an object (0xe9b4adc0) already deleted (list name = TList)
Error in <TList::Clear>: A list is accessing an object (0xf0758960) already deleted (list name = TList)
Error in <TList::Clear>: A list is accessing an object (0xee25f1a0) already deleted (list name = TList)
Error in <TList::Clear>: A list is accessing an object (0xf6dcdae0) already deleted (list name = TList)
Error in <TList::Clear>: A list is accessing an object (0xf2acaa10) already deleted (list name = TList)
Error in <TList::Clear>: A list is accessing an object (0xf2b61160) already deleted (list name = TList)
Error in <TList::Clear>: A list is accessing an object (0xfbbad140) already deleted (list name = TList)
Error in <TList::Clear>: A list is accessing an object (0xfe235800) already deleted (list name = TList)
Error in <TList::Clear>: A list is accessing an object (0xfe235980) already deleted (list name = TList)
Error in <TList::Clear>: A list is accessing an object (0x101cfe8c0) already deleted (list name = TList)
Error in <TList::Clear>: A list is accessing an object (0x101d0cdf0) already deleted (list name = TList)
Error in <TList::Clear>: A list is accessing an object (0x1034b01f0) already deleted (list name = TList)
Error in <TList::Clear>: A list is accessing an object (0x1034b03d0) already deleted (list name = TList)
Error in <TList::Clear>: A list is accessing an object (0x10c1ac810) already deleted (list name = TList)
Error in <TList::Clear>: A list is accessing an object (0x103477180) already deleted (list name = TList)
Error in <TList::Clear>: A list is accessing an object (0x110b54e20) already deleted (list name = TList)
Error in <TList::Clear>: A list is accessing an object (0x10c6e7e10) already deleted (list name = TList)
Error in <TList::Clear>: A list is accessing an object (0x110809920) already deleted (list name = TList)
Error in <TList::Clear>: A list is accessing an object (0x110c2a990) already deleted (list name = TList)
Error in <TList::Clear>: A list is accessing an object (0x1163bfc80) already deleted (list name = TList)
Error in <TList::Clear>: A list is accessing an object (0x1163bfe00) already deleted (list name = TList)
Error in <TList::Clear>: A list is accessing an object (0x117c93850) already deleted (list name = TList)
Error in <TList::Clear>: A list is accessing an object (0x117bc9190) already deleted (list name = TList)
Error in <TList::Clear>: A list is accessing an object (0x120c1fdd0) already deleted (list name = TList)
Error in <TList::Clear>: A list is accessing an object (0x117cbc860) already deleted (list name = TList)
Error in <TList::Clear>: A list is accessing an object (0x11c215fc0) already deleted (list name = TList)
Error in <TList::Clear>: A list is accessing an object (0x11c2380a0) already deleted (list name = TList)
Error in <TList::Clear>: A list is accessing an object (0x1247fcd00) already deleted (list name = TList)
Error in <TList::Clear>: A list is accessing an object (0x1247fce50) already deleted (list name = TList)
Error in <TList::Clear>: A list is accessing an object (0x12b09cdb0) already deleted (list name = TList)
Error in <TList::Clear>: A list is accessing an object (0x12b091310) already deleted (list name = TList)
Error in <TList::Clear>: A list is accessing an object (0x12ca24a60) already deleted (list name = TList)
Error in <TList::Clear>: A list is accessing an object (0x12ca2df70) already deleted (list name = TList)
Error in <TList::Clear>: A list is accessing an object (0x12eda01e0) already deleted (list name = TList)
Error in <TList::Clear>: A list is accessing an object (0x132e5c2d0) already deleted (list name = TList)
Error in <TList::Clear>: A list is accessing an object (0x132deec10) already deleted (list name = TList)
Error in <TList::Clear>: A list is accessing an object (0x138fc9a60) already deleted (list name = TList)
Error in <TList::Clear>: A list is accessing an object (0x13fdaae30) already deleted (list name = TList)
Error in <TList::Clear>: A list is accessing an object (0x13fdc58e0) already deleted (list name = TList)
Error in <TList::Clear>: A list is accessing an object (0x14adb23b0) already deleted (list name = TList)
Error in <TList::Clear>: A list is accessing an object (0x14aca77f0) already deleted (list name = TList)
Error in <TList::Clear>: A list is accessing an object (0x1549fdb60) already deleted (list name = TList)
Error in <TList::Clear>: A list is accessing an object (0x154a13db0) already deleted (list name = TList)
Error in <TList::Clear>: A list is accessing an object (0x15cdf74f0) already deleted (list name = TList)
Error in <TList::Clear>: A list is accessing an object (0x15ce7e160) already deleted (list name = TList)
Error in <TList::Clear>: A list is accessing an object (0x164ee5d30) already deleted (list name = TList)
Error in <TList::Clear>: A list is accessing an object (0x164ee9f00) already deleted (list name = TList)
Error in <TList::Clear>: A list is accessing an object (0x16b0398b0) already deleted (list name = TList)
Error in <TList::Clear>: A list is accessing an object (0x16b039a00) already deleted (list name = TList)
Error in <TList::Clear>: A list is accessing an object (0x16c2daff0) already deleted (list name = TList)
Error in <TList::Clear>: A list is accessing an object (0x16c136620) already deleted (list name = TList)
Error in <TList::Clear>: A list is accessing an object (0x1728e2ea0) already deleted (list name = TList)
Error in <TList::Clear>: A list is accessing an object (0x1728cc960) already deleted (list name = TList)
Error in <TList::Clear>: A list is accessing an object (0x17292bd20) already deleted (list name = TList)
Error in <TList::Clear>: A list is accessing an object (0x1786a5fe0) already deleted (list name = TList)
Error in <TList::Clear>: A list is accessing an object (0x1787dd820) already deleted (list name = TList)
Error in <TList::Clear>: A list is accessing an object (0x17f060e40) already deleted (list name = TList)
Error in <TList::Clear>: A list is accessing an object (0x18d0dfd20) already deleted (list name = TList)
Error in <TList::Clear>: A list is accessing an object (0x18d0dc660) already deleted (list name = TList)
Error in <TList::Clear>: A list is accessing an object (0x1875e9d50) already deleted (list name = TList)
Error in <TList::Clear>: A list is accessing an object (0x191ad8a30) already deleted (list name = TList)
Error in <TList::Clear>: A list is accessing an object (0x192339c50) already deleted (list name = TList)
Error in <TList::Clear>: A list is accessing an object (0x192364bc0) already deleted (list name = TList)
Error in <TList::Clear>: A list is accessing an object (0x192770680) already deleted (list name = TList)
Error in <TList::Clear>: A list is accessing an object (0x1927d20a0) already deleted (list name = TList)
Error in <TList::Clear>: A list is accessing an object (0x19783a810) already deleted (list name = TList)
Error in <TList::Clear>: A list is accessing an object (0x19783a900) already deleted (list name = TList)
Error in <TList::Clear>: A list is accessing an object (0x197df2190) already deleted (list name = TList)
Error in <TList::Clear>: A list is accessing an object (0x197eac1a0) already deleted (list name = TList)
Error in <TList::Clear>: A list is accessing an object (0x1a610ad50) already deleted (list name = TList)
Error in <TList::Clear>: A list is accessing an object (0x1a5fbc0b0) already deleted (list name = TList)
Error in <TList::Clear>: A list is accessing an object (0x1af2258a0) already deleted (list name = TList)
Error in <TList::Clear>: A list is accessing an object (0x1aab52e00) already deleted (list name = TList)
Error in <TList::Clear>: A list is accessing an object (0x1af47bcc0) already deleted (list name = TList)
Error in <TList::Clear>: A list is accessing an object (0x1af7b8e50) already deleted (list name = TList)
Error in <TList::Clear>: A list is accessing an object (0x1b486b330) already deleted (list name = TList)
Error in <TList::Clear>: A list is accessing an object (0x1b486b4b0) already deleted (list name = TList)
Error in <TList::Clear>: A list is accessing an object (0x81a59d0) already deleted (list name = TList)
Error in <TList::Clear>: A list is accessing an object (0x81a5c00) already deleted (list name = TList)
perl: warning: Setting locale failed.
perl: warning: Please check that your locale settings:
	LANGUAGE = (unset),
	LC_ALL = (unset),
	LC_CTYPE = "UTF-8",
	LANG = "C"
    are supported and installed on your system.
perl: warning: Falling back to the standard locale ("C").
Error in <TList::Clear>: A list is accessing an object (0x7f78d50) already deleted (list name = TList)
Error in <TList::Clear>: A list is accessing an object (0x7f78f80) already deleted (list name = TList)
Error in <TList::Clear>: A list is accessing an object (0x108cb390) already deleted (list name = TList)
Error in <TList::Clear>: A list is accessing an object (0x108cb5c0) already deleted (list name = TList)
Error in <TList::Clear>: A list is accessing an object (0x160831d0) already deleted (list name = TList)
Error in <TList::Clear>: A list is accessing an object (0x16093fa0) already deleted (list name = TList)
Error in <TList::Clear>: A list is accessing an object (0x16588340) already deleted (list name = TList)
Error in <TList::Clear>: A list is accessing an object (0x16409570) already deleted (list name = TList)
Error in <TList::Clear>: A list is accessing an object (0x21b1e6a0) already deleted (list name = TList)
Error in <TList::Clear>: A list is accessing an object (0x21b1ea40) already deleted (list name = TList)
Error in <TList::Clear>: A list is accessing an object (0x2aa34b40) already deleted (list name = TList)
Error in <TList::Clear>: A list is accessing an object (0x2aa3bc40) already deleted (list name = TList)
Error in <TList::Clear>: A list is accessing an object (0x339ae0c0) already deleted (list name = TList)
Error in <TList::Clear>: A list is accessing an object (0x338eb310) already deleted (list name = TList)
Error in <TList::Clear>: A list is accessing an object (0x33d84970) already deleted (list name = TList)
Error in <TList::Clear>: A list is accessing an object (0x33d9cb20) already deleted (list name = TList)
Error in <TList::Clear>: A list is accessing an object (0x407c1200) already deleted (list name = TList)
Error in <TList::Clear>: A list is accessing an object (0x407ff580) already deleted (list name = TList)
Error in <TList::Clear>: A list is accessing an object (0x47d0f750) already deleted (list name = TList)
Error in <TList::Clear>: A list is accessing an object (0x47d0f930) already deleted (list name = TList)
Error in <TList::Clear>: A list is accessing an object (0x410eef90) already deleted (list name = TList)
Error in <TList::Clear>: A list is accessing an object (0x410ef0e0) already deleted (list name = TList)
Error in <TList::Clear>: A list is accessing an object (0x4d2b46d0) already deleted (list name = TList)
Error in <TList::Clear>: A list is accessing an object (0x4d320840) already deleted (list name = TList)
Error in <TList::Clear>: A list is accessing an object (0x52299e90) already deleted (list name = TList)
Error in <TList::Clear>: A list is accessing an object (0x410e15d0) already deleted (list name = TList)
Error in <TList::Clear>: A list is accessing an object (0x5f5e50e0) already deleted (list name = TList)
Error in <TList::Clear>: A list is accessing an object (0x58bf0260) already deleted (list name = TList)
Error in <TList::Clear>: A list is accessing an object (0x4d132770) already deleted (list name = TList)
Error in <TList::Clear>: A list is accessing an object (0x66bce180) already deleted (list name = TList)
Error in <TList::Clear>: A list is accessing an object (0x4d2dd370) already deleted (list name = TList)
Error in <TList::Clear>: A list is accessing an object (0x5899ca10) already deleted (list name = TList)
Error in <TList::Clear>: A list is accessing an object (0x73d24910) already deleted (list name = TList)
Error in <TList::Clear>: A list is accessing an object (0x73d37dd0) already deleted (list name = TList)
Error in <TList::Clear>: A list is accessing an object (0x744acb80) already deleted (list name = TList)
Error in <TList::Clear>: A list is accessing an object (0x7448df60) already deleted (list name = TList)
Error in <TList::Clear>: A list is accessing an object (0x7a3e59b0) already deleted (list name = TList)
Error in <TList::Clear>: A list is accessing an object (0x7a3e5aa0) already deleted (list name = TList)
Error in <TList::Clear>: A list is accessing an object (0x7ff389a0) already deleted (list name = TList)
Error in <TList::Clear>: A list is accessing an object (0x7ff3a9e0) already deleted (list name = TList)
Error in <TList::Clear>: A list is accessing an object (0x85c67ee0) already deleted (list name = TList)
Error in <TList::Clear>: A list is accessing an object (0x85c5f200) already deleted (list name = TList)
Error in <TList::Clear>: A list is accessing an object (0x9028c6b0) already deleted (list name = TList)
Error in <TList::Clear>: A list is accessing an object (0x9028c7a0) already deleted (list name = TList)
Error in <TList::Clear>: A list is accessing an object (0x95fba5f0) already deleted (list name = TList)
Error in <TList::Clear>: A list is accessing an object (0x97128840) already deleted (list name = TList)
Error in <TList::Clear>: A list is accessing an object (0x9788fc60) already deleted (list name = TList)
Error in <TList::Clear>: A list is accessing an object (0x9716a550) already deleted (list name = TList)
Error in <TList::Clear>: A list is accessing an object (0x9d970250) already deleted (list name = TList)
Error in <TList::Clear>: A list is accessing an object (0x9d6fc990) already deleted (list name = TList)
Error in <TList::Clear>: A list is accessing an object (0xa5322770) already deleted (list name = TList)
Error in <TList::Clear>: A list is accessing an object (0xaa113cf0) already deleted (list name = TList)
Error in <TList::Clear>: A list is accessing an object (0xaa7dad30) already deleted (list name = TList)
Error in <TList::Clear>: A list is accessing an object (0xaa831a60) already deleted (list name = TList)
Error in <TList::Clear>: A list is accessing an object (0xaa9f12a0) already deleted (list name = TList)
Error in <TList::Clear>: A list is accessing an object (0xb5e31b40) already deleted (list name = TList)
Error in <TList::Clear>: A list is accessing an object (0xb168e6e0) already deleted (list name = TList)
Error in <TList::Clear>: A list is accessing an object (0xbb74abf0) already deleted (list name = TList)
Error in <TList::Clear>: A list is accessing an object (0xbb8b9470) already deleted (list name = TList)
Error in <TList::Clear>: A list is accessing an object (0xbbc49c50) already deleted (list name = TList)
Error in <TList::Clear>: A list is accessing an object (0xcb89afd0) already deleted (list name = TList)
Error in <TList::Clear>: A list is accessing an object (0xcb89b150) already deleted (list name = TList)
Error in <TList::Clear>: A list is accessing an object (0xd0e2eca0) already deleted (list name = TList)
Error in <TList::Clear>: A list is accessing an object (0xd0ed64a0) already deleted (list name = TList)
Error in <TList::Clear>: A list is accessing an object (0xd0fb7580) already deleted (list name = TList)
Error in <TList::Clear>: A list is accessing an object (0xd0fb9070) already deleted (list name = TList)
Error in <TList::Clear>: A list is accessing an object (0xd8c13080) already deleted (list name = TList)
Error in <TList::Clear>: A list is accessing an object (0xd8c174e0) already deleted (list name = TList)
Error in <TList::Clear>: A list is accessing an object (0xd4f8a290) already deleted (list name = TList)
Error in <TList::Clear>: A list is accessing an object (0xdc92ef70) already deleted (list name = TList)
Error in <TList::Clear>: A list is accessing an object (0xd4fbf1f0) already deleted (list name = TList)
Error in <TList::Clear>: A list is accessing an object (0xe1552fb0) already deleted (list name = TList)
Error in <TList::Clear>: A list is accessing an object (0xe3746d60) already deleted (list name = TList)
Error in <TList::Clear>: A list is accessing an object (0xdcbf1e80) already deleted (list name = TList)
Error in <TList::Clear>: A list is accessing an object (0xe59187a0) already deleted (list name = TList)
Error in <TList::Clear>: A list is accessing an object (0xe5905b10) already deleted (list name = TList)
Error in <TList::Clear>: A list is accessing an object (0xedc3a9b0) already deleted (list name = TList)
Error in <TList::Clear>: A list is accessing an object (0xe9975d20) already deleted (list name = TList)
Error in <TList::Clear>: A list is accessing an object (0xf0579350) already deleted (list name = TList)
Error in <TList::Clear>: A list is accessing an object (0xf0578f60) already deleted (list name = TList)
Error in <TList::Clear>: A list is accessing an object (0xee0629d0) already deleted (list name = TList)
Error in <TList::Clear>: A list is accessing an object (0xf26ad600) already deleted (list name = TList)
Error in <TList::Clear>: A list is accessing an object (0xf7083190) already deleted (list name = TList)
Error in <TList::Clear>: A list is accessing an object (0xfb97d450) already deleted (list name = TList)
Error in <TList::Clear>: A list is accessing an object (0xfe013080) already deleted (list name = TList)
Error in <TList::Clear>: A list is accessing an object (0xfe013260) already deleted (list name = TList)
Error in <TList::Clear>: A list is accessing an object (0xff8faa20) already deleted (list name = TList)
Error in <TList::Clear>: A list is accessing an object (0xff912e30) already deleted (list name = TList)
Error in <TList::Clear>: A list is accessing an object (0x1032504a0) already deleted (list name = TList)
Error in <TList::Clear>: A list is accessing an object (0x10580a3e0) already deleted (list name = TList)
Error in <TList::Clear>: A list is accessing an object (0x1032bbc70) already deleted (list name = TList)
Error in <TList::Clear>: A list is accessing an object (0x103513ba0) already deleted (list name = TList)
Error in <TList::Clear>: A list is accessing an object (0x1108cc180) already deleted (list name = TList)
Error in <TList::Clear>: A list is accessing an object (0x1108bf2f0) already deleted (list name = TList)
Error in <TList::Clear>: A list is accessing an object (0x114c1e3a0) already deleted (list name = TList)
Error in <TList::Clear>: A list is accessing an object (0x114c1e4f0) already deleted (list name = TList)
Error in <TList::Clear>: A list is accessing an object (0x110ad0820) already deleted (list name = TList)
Error in <TList::Clear>: A list is accessing an object (0x1161334d0) already deleted (list name = TList)
Error in <TList::Clear>: A list is accessing an object (0x119e58f00) already deleted (list name = TList)
Error in <TList::Clear>: A list is accessing an object (0x119e46d40) already deleted (list name = TList)
Error in <TList::Clear>: A list is accessing an object (0x12090adf0) already deleted (list name = TList)
Error in <TList::Clear>: A list is accessing an object (0x120a1f640) already deleted (list name = TList)
Error in <TList::Clear>: A list is accessing an object (0x11bf6cef0) already deleted (list name = TList)
Error in <TList::Clear>: A list is accessing an object (0x11c026960) already deleted (list name = TList)
Error in <TList::Clear>: A list is accessing an object (0x1247f3cc0) already deleted (list name = TList)
Error in <TList::Clear>: A list is accessing an object (0x1247f3e10) already deleted (list name = TList)
Error in <TList::Clear>: A list is accessing an object (0x12ae803a0) already deleted (list name = TList)
Error in <TList::Clear>: A list is accessing an object (0x12ae685c0) already deleted (list name = TList)
Error in <TList::Clear>: A list is accessing an object (0x12c7f7020) already deleted (list name = TList)
Error in <TList::Clear>: A list is accessing an object (0x12c7d9ee0) already deleted (list name = TList)
Error in <TList::Clear>: A list is accessing an object (0x132be9790) already deleted (list name = TList)
Error in <TList::Clear>: A list is accessing an object (0x132be92d0) already deleted (list name = TList)
Error in <TList::Clear>: A list is accessing an object (0x138d9ed70) already deleted (list name = TList)
Error in <TList::Clear>: A list is accessing an object (0x134817c70) already deleted (list name = TList)
Error in <TList::Clear>: A list is accessing an object (0x1421f3510) already deleted (list name = TList)
Error in <TList::Clear>: A list is accessing an object (0x13fba7150) already deleted (list name = TList)
Error in <TList::Clear>: A list is accessing an object (0x14ab8b7c0) already deleted (list name = TList)
Error in <TList::Clear>: A list is accessing an object (0x14a6836c0) already deleted (list name = TList)
Error in <TList::Clear>: A list is accessing an object (0x154a60260) already deleted (list name = TList)
Error in <TList::Clear>: A list is accessing an object (0x1549ca050) already deleted (list name = TList)
Error in <TList::Clear>: A list is accessing an object (0x15cbd8d60) already deleted (list name = TList)
Error in <TList::Clear>: A list is accessing an object (0x15cd475f0) already deleted (list name = TList)
Error in <TList::Clear>: A list is accessing an object (0x1633595c0) already deleted (list name = TList)
Error in <TList::Clear>: A list is accessing an object (0x164ac41a0) already deleted (list name = TList)
Error in <TList::Clear>: A list is accessing an object (0x165270550) already deleted (list name = TList)
Error in <TList::Clear>: A list is accessing an object (0x165270640) already deleted (list name = TList)
Error in <TList::Clear>: A list is accessing an object (0x16c1944d0) already deleted (list name = TList)
Error in <TList::Clear>: A list is accessing an object (0x16c181690) already deleted (list name = TList)
Error in <TList::Clear>: A list is accessing an object (0x1726ac030) already deleted (list name = TList)
Error in <TList::Clear>: A list is accessing an object (0x1724f0130) already deleted (list name = TList)
Error in <TList::Clear>: A list is accessing an object (0x17cb13af0) already deleted (list name = TList)
Error in <TList::Clear>: A list is accessing an object (0x17cb33520) already deleted (list name = TList)
Error in <TList::Clear>: A list is accessing an object (0x17ee14680) already deleted (list name = TList)
Error in <TList::Clear>: A list is accessing an object (0x17ee14770) already deleted (list name = TList)
Error in <TList::Clear>: A list is accessing an object (0x186d562b0) already deleted (list name = TList)
Error in <TList::Clear>: A list is accessing an object (0x186f70680) already deleted (list name = TList)
Error in <TList::Clear>: A list is accessing an object (0x187380640) already deleted (list name = TList)
Error in <TList::Clear>: A list is accessing an object (0x187380730) already deleted (list name = TList)
Error in <TList::Clear>: A list is accessing an object (0x1920e8cd0) already deleted (list name = TList)
Error in <TList::Clear>: A list is accessing an object (0x19213e9f0) already deleted (list name = TList)
Error in <TList::Clear>: A list is accessing an object (0x19c55e330) already deleted (list name = TList)
Error in <TList::Clear>: A list is accessing an object (0x1921b0670) already deleted (list name = TList)
Error in <TList::Clear>: A list is accessing an object (0x19773d1d0) already deleted (list name = TList)
Error in <TList::Clear>: A list is accessing an object (0x197781ce0) already deleted (list name = TList)
Error in <TList::Clear>: A list is accessing an object (0x1a5186fd0) already deleted (list name = TList)
Error in <TList::Clear>: A list is accessing an object (0x197a4b1e0) already deleted (list name = TList)
Error in <TList::Clear>: A list is accessing an object (0x1a5c2a540) already deleted (list name = TList)
Error in <TList::Clear>: A list is accessing an object (0x1a5d65f30) already deleted (list name = TList)
Error in <TList::Clear>: A list is accessing an object (0x1af0d7c20) already deleted (list name = TList)
Error in <TList::Clear>: A list is accessing an object (0x1af0dfc50) already deleted (list name = TList)
Error in <TList::Clear>: A list is accessing an object (0x1b43fa4e0) already deleted (list name = TList)
Error in <TList::Clear>: A list is accessing an object (0x1b45011e0) already deleted (list name = TList)
Error in <TList::Clear>: A list is accessing an object (0x1b4640950) already deleted (list name = TList)
Error in <TList::Clear>: A list is accessing an object (0x1b463ade0) already deleted (list name = TList)
Error in <TList::Clear>: A list is accessing an object (0x7f78d50) already deleted (list name = TList)
Error in <TList::Clear>: A list is accessing an object (0x7f78f80) already deleted (list name = TList)
