Traceback (most recent call last):
  File "/mnt/cmsrm-home01.roma1.infn.it/cmshome/fderiggi/CMSSW_10_2_13/bin/slc7_amd64_gcc700/text2workspace.py", line 37, in <module>
    file = open(options.fileName, "r")
IOError: [Errno 2] No such file or directory: 'Datacard_ALT_L1Zg.txt'
Traceback (most recent call last):
  File "/mnt/cmsrm-home01.roma1.infn.it/cmshome/fderiggi/CMSSW_10_2_13/bin/slc7_amd64_gcc700/text2workspace.py", line 55, in <module>
    __import__(physModMod)
  File "/cvmfs/cms.cern.ch/slc7_amd64_gcc700/lcg/root/6.12.07-gnimlf5/lib/ROOT.py", line 318, in _importhook
    return _orig_ihook( name, *args, **kwds )
ImportError: No module named FL1Zg_Interference_JHU_rw_MengsMuV
Traceback (most recent call last):
  File "/mnt/cmsrm-home01.roma1.infn.it/cmshome/fderiggi/CMSSW_10_2_13/bin/slc7_amd64_gcc700/text2workspace.py", line 56, in <module>
    __import__(physModMod)
  File "/cvmfs/cms.cern.ch/slc7_amd64_gcc700/lcg/root/6.12.07-gnimlf5/lib/ROOT.py", line 318, in _importhook
    return _orig_ihook( name, *args, **kwds )
ImportError: No module named FL1Zg_Interference_JHU_rw_MengsMuV
Traceback (most recent call last):
  File "/mnt/cmsrm-home01.roma1.infn.it/cmshome/fderiggi/CMSSW_10_2_13/bin/slc7_amd64_gcc700/text2workspace.py", line 56, in <module>
    __import__(physModMod)
  File "/cvmfs/cms.cern.ch/slc7_amd64_gcc700/lcg/root/6.12.07-gnimlf5/lib/ROOT.py", line 318, in _importhook
    return _orig_ihook( name, *args, **kwds )
ImportError: No module named FL1Zg_Interference_JHU_rw_MengsMuV
Traceback (most recent call last):
  File "/mnt/cmsrm-home01.roma1.infn.it/cmshome/fderiggi/CMSSW_10_2_13/bin/slc7_amd64_gcc700/text2workspace.py", line 40, in <module>
    DC = parseCard(file, options)
  File "/mnt/cmsrm-home01.roma1.infn.it/cmshome/fderiggi/CMSSW_10_2_13/python/HiggsAnalysis/CombinedLimit/DatacardParser.py", line 304, in parseCard
    if v <= 0.00: raise ValueError('Found "%s" in the nuisances affecting %s for %s. This would lead to NANs later on, so please fix it.'%(r,p,b))
ValueError: Error reading line 2127 of file Datacard_ALT_L1Zg.txt: Found "2.000/0.000" in the nuisances affecting ggH_2016preVFP_hgg for RECO_TTH_HAD_PTH_60_120_Tag1. This would lead to NANs later on, so please fix it.
Error in <TList::Clear>: A list is accessing an object (0x7aad400) already deleted (list name = TList)
Error in <TList::Clear>: A list is accessing an object (0x7aad630) already deleted (list name = TList)
Error in <TList::Clear>: A list is accessing an object (0x103fe9e0) already deleted (list name = TList)
Error in <TList::Clear>: A list is accessing an object (0x103feb80) already deleted (list name = TList)
Error in <TList::Clear>: A list is accessing an object (0x15c05730) already deleted (list name = TList)
Error in <TList::Clear>: A list is accessing an object (0x15bdb520) already deleted (list name = TList)
Error in <TList::Clear>: A list is accessing an object (0x160d22a0) already deleted (list name = TList)
Error in <TList::Clear>: A list is accessing an object (0x160c5e70) already deleted (list name = TList)
Error in <TList::Clear>: A list is accessing an object (0x2164c770) already deleted (list name = TList)
Error in <TList::Clear>: A list is accessing an object (0x1c8fadf0) already deleted (list name = TList)
Error in <TList::Clear>: A list is accessing an object (0x2a51f920) already deleted (list name = TList)
Error in <TList::Clear>: A list is accessing an object (0x2a389620) already deleted (list name = TList)
Error in <TList::Clear>: A list is accessing an object (0x33473eb0) already deleted (list name = TList)
Error in <TList::Clear>: A list is accessing an object (0x31b51dd0) already deleted (list name = TList)
Error in <TList::Clear>: A list is accessing an object (0x33996410) already deleted (list name = TList)
Error in <TList::Clear>: A list is accessing an object (0x334e2d70) already deleted (list name = TList)
Error in <TList::Clear>: A list is accessing an object (0x404645e0) already deleted (list name = TList)
Error in <TList::Clear>: A list is accessing an object (0x40464730) already deleted (list name = TList)
Error in <TList::Clear>: A list is accessing an object (0x40a4fd60) already deleted (list name = TList)
Error in <TList::Clear>: A list is accessing an object (0x404df310) already deleted (list name = TList)
Error in <TList::Clear>: A list is accessing an object (0x40420a20) already deleted (list name = TList)
Error in <TList::Clear>: A list is accessing an object (0x40755b20) already deleted (list name = TList)
Error in <TList::Clear>: A list is accessing an object (0x4d0b2750) already deleted (list name = TList)
Error in <TList::Clear>: A list is accessing an object (0x4d097a40) already deleted (list name = TList)
Error in <TList::Clear>: A list is accessing an object (0x51f9ee30) already deleted (list name = TList)
Error in <TList::Clear>: A list is accessing an object (0x5202e940) already deleted (list name = TList)
Error in <TList::Clear>: A list is accessing an object (0x589abc10) already deleted (list name = TList)
Error in <TList::Clear>: A list is accessing an object (0x589abd60) already deleted (list name = TList)
Error in <TList::Clear>: A list is accessing an object (0x66c80960) already deleted (list name = TList)
Error in <TList::Clear>: A list is accessing an object (0x66c72c20) already deleted (list name = TList)
Error in <TList::Clear>: A list is accessing an object (0x6ecf9880) already deleted (list name = TList)
Error in <TList::Clear>: A list is accessing an object (0x6ee21990) already deleted (list name = TList)
Error in <TList::Clear>: A list is accessing an object (0x74049670) already deleted (list name = TList)
Error in <TList::Clear>: A list is accessing an object (0x74043d60) already deleted (list name = TList)
Error in <TList::Clear>: A list is accessing an object (0x74804bf0) already deleted (list name = TList)
Error in <TList::Clear>: A list is accessing an object (0x746c1a10) already deleted (list name = TList)
Error in <TList::Clear>: A list is accessing an object (0x7e787f10) already deleted (list name = TList)
Error in <TList::Clear>: A list is accessing an object (0x7e772250) already deleted (list name = TList)
Error in <TList::Clear>: A list is accessing an object (0x80380cc0) already deleted (list name = TList)
Error in <TList::Clear>: A list is accessing an object (0x8034b490) already deleted (list name = TList)
Error in <TList::Clear>: A list is accessing an object (0x861a49f0) already deleted (list name = TList)
Error in <TList::Clear>: A list is accessing an object (0x861a4ae0) already deleted (list name = TList)
Error in <TList::Clear>: A list is accessing an object (0x8c73c5c0) already deleted (list name = TList)
Error in <TList::Clear>: A list is accessing an object (0x8c670120) already deleted (list name = TList)
Error in <TList::Clear>: A list is accessing an object (0x9780bc90) already deleted (list name = TList)
Error in <TList::Clear>: A list is accessing an object (0x97830270) already deleted (list name = TList)
Error in <TList::Clear>: A list is accessing an object (0x9c562420) already deleted (list name = TList)
Error in <TList::Clear>: A list is accessing an object (0x9c562510) already deleted (list name = TList)
Error in <TList::Clear>: A list is accessing an object (0x9e32ef80) already deleted (list name = TList)
Error in <TList::Clear>: A list is accessing an object (0x9e2c8960) already deleted (list name = TList)
Error in <TList::Clear>: A list is accessing an object (0xa5ba0c00) already deleted (list name = TList)
Error in <TList::Clear>: A list is accessing an object (0xa5ba0cf0) already deleted (list name = TList)
Error in <TList::Clear>: A list is accessing an object (0xab222250) already deleted (list name = TList)
Error in <TList::Clear>: A list is accessing an object (0xab222340) already deleted (list name = TList)
Error in <TList::Clear>: A list is accessing an object (0xb1959f70) already deleted (list name = TList)
Error in <TList::Clear>: A list is accessing an object (0xb19bade0) already deleted (list name = TList)
Error in <TList::Clear>: A list is accessing an object (0xbc27bde0) already deleted (list name = TList)
Error in <TList::Clear>: A list is accessing an object (0xb1d24c10) already deleted (list name = TList)
Error in <TList::Clear>: A list is accessing an object (0xbc5bd670) already deleted (list name = TList)
Error in <TList::Clear>: A list is accessing an object (0xbc5bd760) already deleted (list name = TList)
Error in <TList::Clear>: A list is accessing an object (0xcc289fa0) already deleted (list name = TList)
Error in <TList::Clear>: A list is accessing an object (0xbc8edb30) already deleted (list name = TList)
Error in <TList::Clear>: A list is accessing an object (0xcc2a7410) already deleted (list name = TList)
Error in <TList::Clear>: A list is accessing an object (0xd18480b0) already deleted (list name = TList)
Error in <TList::Clear>: A list is accessing an object (0xd1a825b0) already deleted (list name = TList)
Error in <TList::Clear>: A list is accessing an object (0xd1a6b140) already deleted (list name = TList)
Error in <TList::Clear>: A list is accessing an object (0xd595cce0) already deleted (list name = TList)
Error in <TList::Clear>: A list is accessing an object (0xd595cec0) already deleted (list name = TList)
Error in <TList::Clear>: A list is accessing an object (0xdd405b50) already deleted (list name = TList)
Error in <TList::Clear>: A list is accessing an object (0xdd3a3980) already deleted (list name = TList)
Error in <TList::Clear>: A list is accessing an object (0xe213e9a0) already deleted (list name = TList)
Error in <TList::Clear>: A list is accessing an object (0xe213eb80) already deleted (list name = TList)
Error in <TList::Clear>: A list is accessing an object (0xdd6f6070) already deleted (list name = TList)
Error in <TList::Clear>: A list is accessing an object (0xe424b400) already deleted (list name = TList)
Error in <TList::Clear>: A list is accessing an object (0xe6416220) already deleted (list name = TList)
Error in <TList::Clear>: A list is accessing an object (0xdd73a190) already deleted (list name = TList)
Error in <TList::Clear>: A list is accessing an object (0xea3dd7b0) already deleted (list name = TList)
Error in <TList::Clear>: A list is accessing an object (0xea3f6c30) already deleted (list name = TList)
Error in <TList::Clear>: A list is accessing an object (0xeea98510) already deleted (list name = TList)
Error in <TList::Clear>: A list is accessing an object (0xf10c36b0) already deleted (list name = TList)
Error in <TList::Clear>: A list is accessing an object (0xf34d79f0) already deleted (list name = TList)
Error in <TList::Clear>: A list is accessing an object (0xf79368a0) already deleted (list name = TList)
Error in <TList::Clear>: A list is accessing an object (0xf798cda0) already deleted (list name = TList)
Error in <TList::Clear>: A list is accessing an object (0xfc54e7c0) already deleted (list name = TList)
Error in <TList::Clear>: A list is accessing an object (0xfc686c30) already deleted (list name = TList)
Error in <TList::Clear>: A list is accessing an object (0xfc755df0) already deleted (list name = TList)
Error in <TList::Clear>: A list is accessing an object (0xfc79bf70) already deleted (list name = TList)
Error in <TList::Clear>: A list is accessing an object (0x10281a2b0) already deleted (list name = TList)
Error in <TList::Clear>: A list is accessing an object (0x106565040) already deleted (list name = TList)
Error in <TList::Clear>: A list is accessing an object (0x103f9d6d0) already deleted (list name = TList)
Error in <TList::Clear>: A list is accessing an object (0x1042233d0) already deleted (list name = TList)
Error in <TList::Clear>: A list is accessing an object (0x1042f6e00) already deleted (list name = TList)
Error in <TList::Clear>: A list is accessing an object (0x1116c4490) already deleted (list name = TList)
Error in <TList::Clear>: A list is accessing an object (0x10d0250f0) already deleted (list name = TList)
Error in <TList::Clear>: A list is accessing an object (0x115aaec60) already deleted (list name = TList)
Error in <TList::Clear>: A list is accessing an object (0x115aaedb0) already deleted (list name = TList)
Error in <TList::Clear>: A list is accessing an object (0x116f8f530) already deleted (list name = TList)
Error in <TList::Clear>: A list is accessing an object (0x116fc3d40) already deleted (list name = TList)
Error in <TList::Clear>: A list is accessing an object (0x11ac79030) already deleted (list name = TList)
Error in <TList::Clear>: A list is accessing an object (0x11ac24730) already deleted (list name = TList)
Error in <TList::Clear>: A list is accessing an object (0x118884fb0) already deleted (list name = TList)
Error in <TList::Clear>: A list is accessing an object (0x11cd55c00) already deleted (list name = TList)
Error in <TList::Clear>: A list is accessing an object (0x1236f9990) already deleted (list name = TList)
Error in <TList::Clear>: A list is accessing an object (0x121737af0) already deleted (list name = TList)
Error in <TList::Clear>: A list is accessing an object (0x11cf2b050) already deleted (list name = TList)
Error in <TList::Clear>: A list is accessing an object (0x11ce5b090) already deleted (list name = TList)
Error in <TList::Clear>: A list is accessing an object (0x129894aa0) already deleted (list name = TList)
Error in <TList::Clear>: A list is accessing an object (0x129894c80) already deleted (list name = TList)
Error in <TList::Clear>: A list is accessing an object (0x12d64d940) already deleted (list name = TList)
Error in <TList::Clear>: A list is accessing an object (0x12d64dac0) already deleted (list name = TList)
Error in <TList::Clear>: A list is accessing an object (0x133abac20) already deleted (list name = TList)
Error in <TList::Clear>: A list is accessing an object (0x133abae00) already deleted (list name = TList)
Error in <TList::Clear>: A list is accessing an object (0x1399657d0) already deleted (list name = TList)
Error in <TList::Clear>: A list is accessing an object (0x13187a9d0) already deleted (list name = TList)
Error in <TList::Clear>: A list is accessing an object (0x142fcb480) already deleted (list name = TList)
Error in <TList::Clear>: A list is accessing an object (0x14317c070) already deleted (list name = TList)
Error in <TList::Clear>: A list is accessing an object (0x14bae0dc0) already deleted (list name = TList)
Error in <TList::Clear>: A list is accessing an object (0x14b9c9720) already deleted (list name = TList)
Error in <TList::Clear>: A list is accessing an object (0x15554be10) already deleted (list name = TList)
Error in <TList::Clear>: A list is accessing an object (0x15554bf60) already deleted (list name = TList)
Error in <TList::Clear>: A list is accessing an object (0x15ddaaca0) already deleted (list name = TList)
Error in <TList::Clear>: A list is accessing an object (0x15dda8570) already deleted (list name = TList)
Error in <TList::Clear>: A list is accessing an object (0x165b95ca0) already deleted (list name = TList)
Error in <TList::Clear>: A list is accessing an object (0x165b92e30) already deleted (list name = TList)
Error in <TList::Clear>: A list is accessing an object (0x165e1a740) already deleted (list name = TList)
Error in <TList::Clear>: A list is accessing an object (0x165ed69a0) already deleted (list name = TList)
Error in <TList::Clear>: A list is accessing an object (0x16d1485d0) already deleted (list name = TList)
Error in <TList::Clear>: A list is accessing an object (0x16d1038b0) already deleted (list name = TList)
Error in <TList::Clear>: A list is accessing an object (0x173440780) already deleted (list name = TList)
Error in <TList::Clear>: A list is accessing an object (0x172e7b390) already deleted (list name = TList)
Error in <TList::Clear>: A list is accessing an object (0x17920aec0) already deleted (list name = TList)
Error in <TList::Clear>: A list is accessing an object (0x1791f66b0) already deleted (list name = TList)
Error in <TList::Clear>: A list is accessing an object (0x17fee8090) already deleted (list name = TList)
Error in <TList::Clear>: A list is accessing an object (0x17fe37cb0) already deleted (list name = TList)
Error in <TList::Clear>: A list is accessing an object (0x187cefd30) already deleted (list name = TList)
Error in <TList::Clear>: A list is accessing an object (0x187d35ba0) already deleted (list name = TList)
Error in <TList::Clear>: A list is accessing an object (0x188283130) already deleted (list name = TList)
Error in <TList::Clear>: A list is accessing an object (0x1881e2ca0) already deleted (list name = TList)
Error in <TList::Clear>: A list is accessing an object (0x198136140) already deleted (list name = TList)
Error in <TList::Clear>: A list is accessing an object (0x1930c80f0) already deleted (list name = TList)
Error in <TList::Clear>: A list is accessing an object (0x19346caa0) already deleted (list name = TList)
Error in <TList::Clear>: A list is accessing an object (0x19346c290) already deleted (list name = TList)
Error in <TList::Clear>: A list is accessing an object (0x198850450) already deleted (list name = TList)
Error in <TList::Clear>: A list is accessing an object (0x198401670) already deleted (list name = TList)
Error in <TList::Clear>: A list is accessing an object (0x1a18b7160) already deleted (list name = TList)
Error in <TList::Clear>: A list is accessing an object (0x1a19ce440) already deleted (list name = TList)
Error in <TList::Clear>: A list is accessing an object (0x1ab553f10) already deleted (list name = TList)
Error in <TList::Clear>: A list is accessing an object (0x1a1be5130) already deleted (list name = TList)
Error in <TList::Clear>: A list is accessing an object (0x1abce8b60) already deleted (list name = TList)
Error in <TList::Clear>: A list is accessing an object (0x1b043a080) already deleted (list name = TList)
Error in <TList::Clear>: A list is accessing an object (0x1b57d8630) already deleted (list name = TList)
Error in <TList::Clear>: A list is accessing an object (0x1b57d01a0) already deleted (list name = TList)
Error in <TList::Clear>: A list is accessing an object (0x1b59a0f80) already deleted (list name = TList)
Error in <TList::Clear>: A list is accessing an object (0x1b59a1100) already deleted (list name = TList)
Error in <TList::Clear>: A list is accessing an object (0x7aad400) already deleted (list name = TList)
Error in <TList::Clear>: A list is accessing an object (0x7aad630) already deleted (list name = TList)
perl: warning: Setting locale failed.
perl: warning: Please check that your locale settings:
	LANGUAGE = (unset),
	LC_ALL = (unset),
	LC_CTYPE = "UTF-8",
	LANG = "C"
    are supported and installed on your system.
perl: warning: Falling back to the standard locale ("C").
Error in <TList::Clear>: A list is accessing an object (0x8e2d420) already deleted (list name = TList)
Error in <TList::Clear>: A list is accessing an object (0x8e2d650) already deleted (list name = TList)
Error in <TList::Clear>: A list is accessing an object (0x1177e350) already deleted (list name = TList)
Error in <TList::Clear>: A list is accessing an object (0x1177e530) already deleted (list name = TList)
Error in <TList::Clear>: A list is accessing an object (0x16f4f5e0) already deleted (list name = TList)
Error in <TList::Clear>: A list is accessing an object (0x16f4f6d0) already deleted (list name = TList)
Error in <TList::Clear>: A list is accessing an object (0x17413580) already deleted (list name = TList)
Error in <TList::Clear>: A list is accessing an object (0x1bde4f40) already deleted (list name = TList)
Error in <TList::Clear>: A list is accessing an object (0x22a0f360) already deleted (list name = TList)
Error in <TList::Clear>: A list is accessing an object (0x22a0f540) already deleted (list name = TList)
Error in <TList::Clear>: A list is accessing an object (0x2b94d410) already deleted (list name = TList)
Error in <TList::Clear>: A list is accessing an object (0x2b7d0a80) already deleted (list name = TList)
Error in <TList::Clear>: A list is accessing an object (0x32ed6500) already deleted (list name = TList)
Error in <TList::Clear>: A list is accessing an object (0x32ed66e0) already deleted (list name = TList)
Error in <TList::Clear>: A list is accessing an object (0x34d04d50) already deleted (list name = TList)
Error in <TList::Clear>: A list is accessing an object (0x34d2b1a0) already deleted (list name = TList)
Error in <TList::Clear>: A list is accessing an object (0x41873aa0) already deleted (list name = TList)
Error in <TList::Clear>: A list is accessing an object (0x417aa2e0) already deleted (list name = TList)
Error in <TList::Clear>: A list is accessing an object (0x417d5e60) already deleted (list name = TList)
Error in <TList::Clear>: A list is accessing an object (0x41d962d0) already deleted (list name = TList)
Error in <TList::Clear>: A list is accessing an object (0x40c38280) already deleted (list name = TList)
Error in <TList::Clear>: A list is accessing an object (0x41cbdf20) already deleted (list name = TList)
Error in <TList::Clear>: A list is accessing an object (0x4e499840) already deleted (list name = TList)
Error in <TList::Clear>: A list is accessing an object (0x4e416840) already deleted (list name = TList)
Error in <TList::Clear>: A list is accessing an object (0x5334e290) already deleted (list name = TList)
Error in <TList::Clear>: A list is accessing an object (0x53519600) already deleted (list name = TList)
Error in <TList::Clear>: A list is accessing an object (0x59f303e0) already deleted (list name = TList)
Error in <TList::Clear>: A list is accessing an object (0x59ef2d20) already deleted (list name = TList)
Error in <TList::Clear>: A list is accessing an object (0x6801d890) already deleted (list name = TList)
Error in <TList::Clear>: A list is accessing an object (0x67ed0310) already deleted (list name = TList)
Error in <TList::Clear>: A list is accessing an object (0x700c2ae0) already deleted (list name = TList)
Error in <TList::Clear>: A list is accessing an object (0x700ed6a0) already deleted (list name = TList)
Error in <TList::Clear>: A list is accessing an object (0x753b3800) already deleted (list name = TList)
Error in <TList::Clear>: A list is accessing an object (0x75303750) already deleted (list name = TList)
Error in <TList::Clear>: A list is accessing an object (0x75b59a80) already deleted (list name = TList)
Error in <TList::Clear>: A list is accessing an object (0x75ae23a0) already deleted (list name = TList)
Error in <TList::Clear>: A list is accessing an object (0x7ba668b0) already deleted (list name = TList)
Error in <TList::Clear>: A list is accessing an object (0x7bb16650) already deleted (list name = TList)
Error in <TList::Clear>: A list is accessing an object (0x816db910) already deleted (list name = TList)
Error in <TList::Clear>: A list is accessing an object (0x81620a60) already deleted (list name = TList)
Error in <TList::Clear>: A list is accessing an object (0x8759f9e0) already deleted (list name = TList)
Error in <TList::Clear>: A list is accessing an object (0x87559f20) already deleted (list name = TList)
Error in <TList::Clear>: A list is accessing an object (0x8da05810) already deleted (list name = TList)
Error in <TList::Clear>: A list is accessing an object (0x8d82ece0) already deleted (list name = TList)
Error in <TList::Clear>: A list is accessing an object (0x98b89c60) already deleted (list name = TList)
Error in <TList::Clear>: A list is accessing an object (0x98b2f660) already deleted (list name = TList)
Error in <TList::Clear>: A list is accessing an object (0x9934b5d0) already deleted (list name = TList)
Error in <TList::Clear>: A list is accessing an object (0x9925d660) already deleted (list name = TList)
Error in <TList::Clear>: A list is accessing an object (0x9f6790b0) already deleted (list name = TList)
Error in <TList::Clear>: A list is accessing an object (0x9918e6e0) already deleted (list name = TList)
Error in <TList::Clear>: A list is accessing an object (0xa6f0faa0) already deleted (list name = TList)
Error in <TList::Clear>: A list is accessing an object (0xa6eaccb0) already deleted (list name = TList)
Error in <TList::Clear>: A list is accessing an object (0xac64f950) already deleted (list name = TList)
Error in <TList::Clear>: A list is accessing an object (0xac64fa40) already deleted (list name = TList)
Error in <TList::Clear>: A list is accessing an object (0xb2d26e00) already deleted (list name = TList)
Error in <TList::Clear>: A list is accessing an object (0xb2d09c70) already deleted (list name = TList)
Error in <TList::Clear>: A list is accessing an object (0xbd6a69f0) already deleted (list name = TList)
Error in <TList::Clear>: A list is accessing an object (0xbd603e20) already deleted (list name = TList)
Error in <TList::Clear>: A list is accessing an object (0xbdad1610) already deleted (list name = TList)
Error in <TList::Clear>: A list is accessing an object (0xbdad1700) already deleted (list name = TList)
Error in <TList::Clear>: A list is accessing an object (0xcd6094c0) already deleted (list name = TList)
Error in <TList::Clear>: A list is accessing an object (0xcd601bb0) already deleted (list name = TList)
Error in <TList::Clear>: A list is accessing an object (0xd2c59200) already deleted (list name = TList)
Error in <TList::Clear>: A list is accessing an object (0xd2b8ce40) already deleted (list name = TList)
Error in <TList::Clear>: A list is accessing an object (0xd2de9e00) already deleted (list name = TList)
Error in <TList::Clear>: A list is accessing an object (0xd5376d00) already deleted (list name = TList)
Error in <TList::Clear>: A list is accessing an object (0xd6d10630) already deleted (list name = TList)
Error in <TList::Clear>: A list is accessing an object (0xdaa17cb0) already deleted (list name = TList)
Error in <TList::Clear>: A list is accessing an object (0xd6d9c720) already deleted (list name = TList)
Error in <TList::Clear>: A list is accessing an object (0xde84c110) already deleted (list name = TList)
Error in <TList::Clear>: A list is accessing an object (0xe33c0db0) already deleted (list name = TList)
Error in <TList::Clear>: A list is accessing an object (0xe33c0f30) already deleted (list name = TList)
Error in <TList::Clear>: A list is accessing an object (0xdea369a0) already deleted (list name = TList)
Error in <TList::Clear>: A list is accessing an object (0xdea3e5c0) already deleted (list name = TList)
Error in <TList::Clear>: A list is accessing an object (0xdea9b320) already deleted (list name = TList)
Error in <TList::Clear>: A list is accessing an object (0xcd4f2ee0) already deleted (list name = TList)
Error in <TList::Clear>: A list is accessing an object (0xeb7a39a0) already deleted (list name = TList)
Error in <TList::Clear>: A list is accessing an object (0xeb5ff800) already deleted (list name = TList)
Error in <TList::Clear>: A list is accessing an object (0xefe63890) already deleted (list name = TList)
Error in <TList::Clear>: A list is accessing an object (0xefe3ad60) already deleted (list name = TList)
Error in <TList::Clear>: A list is accessing an object (0xf4837c70) already deleted (list name = TList)
Error in <TList::Clear>: A list is accessing an object (0xf23f82a0) already deleted (list name = TList)
Error in <TList::Clear>: A list is accessing an object (0xf8f22260) already deleted (list name = TList)
Error in <TList::Clear>: A list is accessing an object (0xfd9f9c60) already deleted (list name = TList)
Error in <TList::Clear>: A list is accessing an object (0xfdb02730) already deleted (list name = TList)
Error in <TList::Clear>: A list is accessing an object (0x100088ad0) already deleted (list name = TList)
Error in <TList::Clear>: A list is accessing an object (0xfdc33c20) already deleted (list name = TList)
Error in <TList::Clear>: A list is accessing an object (0xfdc33da0) already deleted (list name = TList)
Error in <TList::Clear>: A list is accessing an object (0x10531d690) already deleted (list name = TList)
Error in <TList::Clear>: A list is accessing an object (0x105316fb0) already deleted (list name = TList)
Error in <TList::Clear>: A list is accessing an object (0x10e009ee0) already deleted (list name = TList)
Error in <TList::Clear>: A list is accessing an object (0x10536a840) already deleted (list name = TList)
Error in <TList::Clear>: A list is accessing an object (0x112a06dd0) already deleted (list name = TList)
Error in <TList::Clear>: A list is accessing an object (0x10e4f77d0) already deleted (list name = TList)
Error in <TList::Clear>: A list is accessing an object (0x112bcc680) already deleted (list name = TList)
Error in <TList::Clear>: A list is accessing an object (0x116e234e0) already deleted (list name = TList)
Error in <TList::Clear>: A list is accessing an object (0x1183450e0) already deleted (list name = TList)
Error in <TList::Clear>: A list is accessing an object (0x118345260) already deleted (list name = TList)
Error in <TList::Clear>: A list is accessing an object (0x11bfe7c60) already deleted (list name = TList)
Error in <TList::Clear>: A list is accessing an object (0x112d09840) already deleted (list name = TList)
Error in <TList::Clear>: A list is accessing an object (0x122a8bd30) already deleted (list name = TList)
Error in <TList::Clear>: A list is accessing an object (0x122a8dbf0) already deleted (list name = TList)
Error in <TList::Clear>: A list is accessing an object (0x11e1f7ec0) already deleted (list name = TList)
Error in <TList::Clear>: A list is accessing an object (0x11e205050) already deleted (list name = TList)
Error in <TList::Clear>: A list is accessing an object (0x126942390) already deleted (list name = TList)
Error in <TList::Clear>: A list is accessing an object (0x1269424e0) already deleted (list name = TList)
Error in <TList::Clear>: A list is accessing an object (0x12abfa730) already deleted (list name = TList)
Error in <TList::Clear>: A list is accessing an object (0x12abfa820) already deleted (list name = TList)
Error in <TList::Clear>: A list is accessing an object (0x130dbcf50) already deleted (list name = TList)
Error in <TList::Clear>: A list is accessing an object (0x12e9cb670) already deleted (list name = TList)
Error in <TList::Clear>: A list is accessing an object (0x134e10cc0) already deleted (list name = TList)
Error in <TList::Clear>: A list is accessing an object (0x134dc4ee0) already deleted (list name = TList)
Error in <TList::Clear>: A list is accessing an object (0x13b01ea70) already deleted (list name = TList)
Error in <TList::Clear>: A list is accessing an object (0x13afca150) already deleted (list name = TList)
Error in <TList::Clear>: A list is accessing an object (0x144444dd0) already deleted (list name = TList)
Error in <TList::Clear>: A list is accessing an object (0x700aff10) already deleted (list name = TList)
Error in <TList::Clear>: A list is accessing an object (0x14cb63fe0) already deleted (list name = TList)
Error in <TList::Clear>: A list is accessing an object (0x14ce3c280) already deleted (list name = TList)
Error in <TList::Clear>: A list is accessing an object (0x156d78ec0) already deleted (list name = TList)
Error in <TList::Clear>: A list is accessing an object (0x156d962f0) already deleted (list name = TList)
Error in <TList::Clear>: A list is accessing an object (0x15ef70c90) already deleted (list name = TList)
Error in <TList::Clear>: A list is accessing an object (0x15ef70de0) already deleted (list name = TList)
Error in <TList::Clear>: A list is accessing an object (0x166f62030) already deleted (list name = TList)
Error in <TList::Clear>: A list is accessing an object (0x166f62180) already deleted (list name = TList)
Error in <TList::Clear>: A list is accessing an object (0x1670c4900) already deleted (list name = TList)
Error in <TList::Clear>: A list is accessing an object (0x1670c4a50) already deleted (list name = TList)
Error in <TList::Clear>: A list is accessing an object (0x16e4af950) already deleted (list name = TList)
Error in <TList::Clear>: A list is accessing an object (0x1672b33b0) already deleted (list name = TList)
Error in <TList::Clear>: A list is accessing an object (0x1746c2c90) already deleted (list name = TList)
Error in <TList::Clear>: A list is accessing an object (0x16e596470) already deleted (list name = TList)
Error in <TList::Clear>: A list is accessing an object (0x174801fa0) already deleted (list name = TList)
Error in <TList::Clear>: A list is accessing an object (0x1747ffe00) already deleted (list name = TList)
Error in <TList::Clear>: A list is accessing an object (0x180c8c0c0) already deleted (list name = TList)
Error in <TList::Clear>: A list is accessing an object (0x181262d90) already deleted (list name = TList)
Error in <TList::Clear>: A list is accessing an object (0x1812aaa30) already deleted (list name = TList)
Error in <TList::Clear>: A list is accessing an object (0x18f128160) already deleted (list name = TList)
Error in <TList::Clear>: A list is accessing an object (0x1895cf580) already deleted (list name = TList)
Error in <TList::Clear>: A list is accessing an object (0x1895c8de0) already deleted (list name = TList)
Error in <TList::Clear>: A list is accessing an object (0x19434a8e0) already deleted (list name = TList)
Error in <TList::Clear>: A list is accessing an object (0x194357e50) already deleted (list name = TList)
Error in <TList::Clear>: A list is accessing an object (0x19467bfb0) already deleted (list name = TList)
Error in <TList::Clear>: A list is accessing an object (0x194494ed0) already deleted (list name = TList)
Error in <TList::Clear>: A list is accessing an object (0x199bc0010) already deleted (list name = TList)
Error in <TList::Clear>: A list is accessing an object (0x199bc0100) already deleted (list name = TList)
Error in <TList::Clear>: A list is accessing an object (0x1a2e455d0) already deleted (list name = TList)
Error in <TList::Clear>: A list is accessing an object (0x199c96880) already deleted (list name = TList)
Error in <TList::Clear>: A list is accessing an object (0x1a823d200) already deleted (list name = TList)
Error in <TList::Clear>: A list is accessing an object (0x1ac8bf5e0) already deleted (list name = TList)
Error in <TList::Clear>: A list is accessing an object (0x1ad055780) already deleted (list name = TList)
Error in <TList::Clear>: A list is accessing an object (0x1b17600e0) already deleted (list name = TList)
Error in <TList::Clear>: A list is accessing an object (0x1b6b5a9d0) already deleted (list name = TList)
Error in <TList::Clear>: A list is accessing an object (0x1b1d6c4d0) already deleted (list name = TList)
Error in <TList::Clear>: A list is accessing an object (0x1b975f540) already deleted (list name = TList)
Error in <TList::Clear>: A list is accessing an object (0x1b6d1e370) already deleted (list name = TList)
Error in <TList::Clear>: A list is accessing an object (0x8e2d420) already deleted (list name = TList)
Error in <TList::Clear>: A list is accessing an object (0x8e2d650) already deleted (list name = TList)
