Traceback (most recent call last):
  File "/mnt/cmsrm-home01.roma1.infn.it/cmshome/fderiggi/CMSSW_10_2_13/bin/slc7_amd64_gcc700/text2workspace.py", line 37, in <module>
    file = open(options.fileName, "r")
IOError: [Errno 2] No such file or directory: 'Datacard_ALT_0M.txt'
Traceback (most recent call last):
  File "/mnt/cmsrm-home01.roma1.infn.it/cmshome/fderiggi/CMSSW_10_2_13/bin/slc7_amd64_gcc700/text2workspace.py", line 55, in <module>
    __import__(physModMod)
  File "/cvmfs/cms.cern.ch/slc7_amd64_gcc700/lcg/root/6.12.07-gnimlf5/lib/ROOT.py", line 318, in _importhook
    return _orig_ihook( name, *args, **kwds )
ImportError: No module named FA3_Interference_JHU_ggHSyst_rw_MengsMuV_HeshyXsec_ggHInt_ggHphase
Traceback (most recent call last):
  File "/mnt/cmsrm-home01.roma1.infn.it/cmshome/fderiggi/CMSSW_10_2_13/bin/slc7_amd64_gcc700/text2workspace.py", line 56, in <module>
    __import__(physModMod)
  File "/cvmfs/cms.cern.ch/slc7_amd64_gcc700/lcg/root/6.12.07-gnimlf5/lib/ROOT.py", line 318, in _importhook
    return _orig_ihook( name, *args, **kwds )
ImportError: No module named FA3_Interference_JHU_ggHSyst_rw_MengsMuV_HeshyXsec_ggHInt_ggHphase
Traceback (most recent call last):
  File "/mnt/cmsrm-home01.roma1.infn.it/cmshome/fderiggi/CMSSW_10_2_13/bin/slc7_amd64_gcc700/text2workspace.py", line 56, in <module>
    __import__(physModMod)
  File "/cvmfs/cms.cern.ch/slc7_amd64_gcc700/lcg/root/6.12.07-gnimlf5/lib/ROOT.py", line 318, in _importhook
    return _orig_ihook( name, *args, **kwds )
ImportError: No module named FA3_Interference_JHU_ggHSyst_rw_MengsMuV_HeshyXsec_ggHInt_ggHphase
Traceback (most recent call last):
  File "/mnt/cmsrm-home01.roma1.infn.it/cmshome/fderiggi/CMSSW_10_2_13/bin/slc7_amd64_gcc700/text2workspace.py", line 40, in <module>
    DC = parseCard(file, options)
  File "/mnt/cmsrm-home01.roma1.infn.it/cmshome/fderiggi/CMSSW_10_2_13/python/HiggsAnalysis/CombinedLimit/DatacardParser.py", line 304, in parseCard
    if v <= 0.00: raise ValueError('Found "%s" in the nuisances affecting %s for %s. This would lead to NANs later on, so please fix it.'%(r,p,b))
ValueError: Error reading line 2180 of file Datacard_ALT_0M.txt: Found "2.000/0.000" in the nuisances affecting ZH_ALT0M_2016preVFP_hgg for RECO_TTH_HAD_PTH_120_200_Tag1. This would lead to NANs later on, so please fix it.
Error in <TList::Clear>: A list is accessing an object (0x907dc60) already deleted (list name = TList)
Error in <TList::Clear>: A list is accessing an object (0x907de90) already deleted (list name = TList)
Error in <TList::Clear>: A list is accessing an object (0x119d3c80) already deleted (list name = TList)
Error in <TList::Clear>: A list is accessing an object (0x119d3eb0) already deleted (list name = TList)
Error in <TList::Clear>: A list is accessing an object (0x165d9eb0) already deleted (list name = TList)
Error in <TList::Clear>: A list is accessing an object (0x171cc520) already deleted (list name = TList)
Error in <TList::Clear>: A list is accessing an object (0x176c0630) already deleted (list name = TList)
Error in <TList::Clear>: A list is accessing an object (0x17502260) already deleted (list name = TList)
Error in <TList::Clear>: A list is accessing an object (0x22c56d20) already deleted (list name = TList)
Error in <TList::Clear>: A list is accessing an object (0x22c56f00) already deleted (list name = TList)
Error in <TList::Clear>: A list is accessing an object (0x2baf99a0) already deleted (list name = TList)
Error in <TList::Clear>: A list is accessing an object (0x2bbfcc60) already deleted (list name = TList)
Error in <TList::Clear>: A list is accessing an object (0x34a44e70) already deleted (list name = TList)
Error in <TList::Clear>: A list is accessing an object (0x33131340) already deleted (list name = TList)
Error in <TList::Clear>: A list is accessing an object (0x35045c70) already deleted (list name = TList)
Error in <TList::Clear>: A list is accessing an object (0x34f2cef0) already deleted (list name = TList)
Error in <TList::Clear>: A list is accessing an object (0x41abe880) already deleted (list name = TList)
Error in <TList::Clear>: A list is accessing an object (0x41abe9d0) already deleted (list name = TList)
Error in <TList::Clear>: A list is accessing an object (0x4202bdb0) already deleted (list name = TList)
Error in <TList::Clear>: A list is accessing an object (0x4204b550) already deleted (list name = TList)
Error in <TList::Clear>: A list is accessing an object (0x41afbf60) already deleted (list name = TList)
Error in <TList::Clear>: A list is accessing an object (0x41a34850) already deleted (list name = TList)
Error in <TList::Clear>: A list is accessing an object (0x4e7468c0) already deleted (list name = TList)
Error in <TList::Clear>: A list is accessing an object (0x4e70e7b0) already deleted (list name = TList)
Error in <TList::Clear>: A list is accessing an object (0x5379ce20) already deleted (list name = TList)
Error in <TList::Clear>: A list is accessing an object (0x5378cf20) already deleted (list name = TList)
Error in <TList::Clear>: A list is accessing an object (0x5a1bf070) already deleted (list name = TList)
Error in <TList::Clear>: A list is accessing an object (0x5a166410) already deleted (list name = TList)
Error in <TList::Clear>: A list is accessing an object (0x681817a0) already deleted (list name = TList)
Error in <TList::Clear>: A list is accessing an object (0x681818f0) already deleted (list name = TList)
Error in <TList::Clear>: A list is accessing an object (0x704380e0) already deleted (list name = TList)
Error in <TList::Clear>: A list is accessing an object (0x70422860) already deleted (list name = TList)
Error in <TList::Clear>: A list is accessing an object (0x756c7b00) already deleted (list name = TList)
Error in <TList::Clear>: A list is accessing an object (0x75513ac0) already deleted (list name = TList)
Error in <TList::Clear>: A list is accessing an object (0x75e16860) already deleted (list name = TList)
Error in <TList::Clear>: A list is accessing an object (0x756a8020) already deleted (list name = TList)
Error in <TList::Clear>: A list is accessing an object (0x7bdf64a0) already deleted (list name = TList)
Error in <TList::Clear>: A list is accessing an object (0x7bd99720) already deleted (list name = TList)
Error in <TList::Clear>: A list is accessing an object (0x81ab4730) already deleted (list name = TList)
Error in <TList::Clear>: A list is accessing an object (0x81a5f540) already deleted (list name = TList)
Error in <TList::Clear>: A list is accessing an object (0x81ad04b0) already deleted (list name = TList)
Error in <TList::Clear>: A list is accessing an object (0x87891190) already deleted (list name = TList)
Error in <TList::Clear>: A list is accessing an object (0x8de05c70) already deleted (list name = TList)
Error in <TList::Clear>: A list is accessing an object (0x8dd82e70) already deleted (list name = TList)
Error in <TList::Clear>: A list is accessing an object (0x98e96880) already deleted (list name = TList)
Error in <TList::Clear>: A list is accessing an object (0x98e20eb0) already deleted (list name = TList)
Error in <TList::Clear>: A list is accessing an object (0x98ef78d0) already deleted (list name = TList)
Error in <TList::Clear>: A list is accessing an object (0x9966d7c0) already deleted (list name = TList)
Error in <TList::Clear>: A list is accessing an object (0x9f79e820) already deleted (list name = TList)
Error in <TList::Clear>: A list is accessing an object (0x9f9ba730) already deleted (list name = TList)
Error in <TList::Clear>: A list is accessing an object (0xa70dd5b0) already deleted (list name = TList)
Error in <TList::Clear>: A list is accessing an object (0xa70dd6a0) already deleted (list name = TList)
Error in <TList::Clear>: A list is accessing an object (0xac794320) already deleted (list name = TList)
Error in <TList::Clear>: A list is accessing an object (0xac924cf0) already deleted (list name = TList)
Error in <TList::Clear>: A list is accessing an object (0xb7f3a9c0) already deleted (list name = TList)
Error in <TList::Clear>: A list is accessing an object (0xb7f3aab0) already deleted (list name = TList)
Error in <TList::Clear>: A list is accessing an object (0xbd9e8700) already deleted (list name = TList)
Error in <TList::Clear>: A list is accessing an object (0xbd9f7510) already deleted (list name = TList)
Error in <TList::Clear>: A list is accessing an object (0xbdf99ad0) already deleted (list name = TList)
Error in <TList::Clear>: A list is accessing an object (0xbdf99bc0) already deleted (list name = TList)
Error in <TList::Clear>: A list is accessing an object (0xcd9b8e50) already deleted (list name = TList)
Error in <TList::Clear>: A list is accessing an object (0xcd9b8fd0) already deleted (list name = TList)
Error in <TList::Clear>: A list is accessing an object (0xcda6d820) already deleted (list name = TList)
Error in <TList::Clear>: A list is accessing an object (0xd3236c10) already deleted (list name = TList)
Error in <TList::Clear>: A list is accessing an object (0xd5968e30) already deleted (list name = TList)
Error in <TList::Clear>: A list is accessing an object (0xd33df610) already deleted (list name = TList)
Error in <TList::Clear>: A list is accessing an object (0xdb00f160) already deleted (list name = TList)
Error in <TList::Clear>: A list is accessing an object (0xdb00f2b0) already deleted (list name = TList)
Error in <TList::Clear>: A list is accessing an object (0xd7368bb0) already deleted (list name = TList)
Error in <TList::Clear>: A list is accessing an object (0xd7368d00) already deleted (list name = TList)
Error in <TList::Clear>: A list is accessing an object (0xd73e15a0) already deleted (list name = TList)
Error in <TList::Clear>: A list is accessing an object (0xd73fbc00) already deleted (list name = TList)
Error in <TList::Clear>: A list is accessing an object (0xe5b8be10) already deleted (list name = TList)
Error in <TList::Clear>: A list is accessing an object (0xdf0b6ad0) already deleted (list name = TList)
Error in <TList::Clear>: A list is accessing an object (0xdf0e1b90) already deleted (list name = TList)
Error in <TList::Clear>: A list is accessing an object (0xe9db3680) already deleted (list name = TList)
Error in <TList::Clear>: A list is accessing an object (0xf04805b0) already deleted (list name = TList)
Error in <TList::Clear>: A list is accessing an object (0xebdba860) already deleted (list name = TList)
Error in <TList::Clear>: A list is accessing an object (0xf2b62860) already deleted (list name = TList)
Error in <TList::Clear>: A list is accessing an object (0xf055a6e0) already deleted (list name = TList)
Error in <TList::Clear>: A list is accessing an object (0xf91bad30) already deleted (list name = TList)
Error in <TList::Clear>: A list is accessing an object (0xf0671d70) already deleted (list name = TList)
Error in <TList::Clear>: A list is accessing an object (0xfe02dc70) already deleted (list name = TList)
Error in <TList::Clear>: A list is accessing an object (0xf4f866a0) already deleted (list name = TList)
Error in <TList::Clear>: A list is accessing an object (0xfe0a70d0) already deleted (list name = TList)
Error in <TList::Clear>: A list is accessing an object (0xfe0a7250) already deleted (list name = TList)
Error in <TList::Clear>: A list is accessing an object (0x1041df990) already deleted (list name = TList)
Error in <TList::Clear>: A list is accessing an object (0x1041f0540) already deleted (list name = TList)
Error in <TList::Clear>: A list is accessing an object (0x107f07cc0) already deleted (list name = TList)
Error in <TList::Clear>: A list is accessing an object (0x107f07350) already deleted (list name = TList)
Error in <TList::Clear>: A list is accessing an object (0x10e630f80) already deleted (list name = TList)
Error in <TList::Clear>: A list is accessing an object (0x105c9a710) already deleted (list name = TList)
Error in <TList::Clear>: A list is accessing an object (0x10e9f49f0) already deleted (list name = TList)
Error in <TList::Clear>: A list is accessing an object (0x105d3a600) already deleted (list name = TList)
Error in <TList::Clear>: A list is accessing an object (0x113124250) already deleted (list name = TList)
Error in <TList::Clear>: A list is accessing an object (0x113124430) already deleted (list name = TList)
Error in <TList::Clear>: A list is accessing an object (0x1132297b0) already deleted (list name = TList)
Error in <TList::Clear>: A list is accessing an object (0x11322e1f0) already deleted (list name = TList)
Error in <TList::Clear>: A list is accessing an object (0x11c6503a0) already deleted (list name = TList)
Error in <TList::Clear>: A list is accessing an object (0x11c650580) already deleted (list name = TList)
Error in <TList::Clear>: A list is accessing an object (0x1231e3510) already deleted (list name = TList)
Error in <TList::Clear>: A list is accessing an object (0x11a283930) already deleted (list name = TList)
Error in <TList::Clear>: A list is accessing an object (0x11e7d4da0) already deleted (list name = TList)
Error in <TList::Clear>: A list is accessing an object (0x11e70a950) already deleted (list name = TList)
Error in <TList::Clear>: A list is accessing an object (0x126d5b460) already deleted (list name = TList)
Error in <TList::Clear>: A list is accessing an object (0x12700cc20) already deleted (list name = TList)
Error in <TList::Clear>: A list is accessing an object (0x12701b6c0) already deleted (list name = TList)
Error in <TList::Clear>: A list is accessing an object (0x126fee210) already deleted (list name = TList)
Error in <TList::Clear>: A list is accessing an object (0x12f045370) already deleted (list name = TList)
Error in <TList::Clear>: A list is accessing an object (0x12f058c90) already deleted (list name = TList)
Error in <TList::Clear>: A list is accessing an object (0x13547c3a0) already deleted (list name = TList)
Error in <TList::Clear>: A list is accessing an object (0x12f04e110) already deleted (list name = TList)
Error in <TList::Clear>: A list is accessing an object (0x13b5f6800) already deleted (list name = TList)
Error in <TList::Clear>: A list is accessing an object (0x1372bb060) already deleted (list name = TList)
Error in <TList::Clear>: A list is accessing an object (0x14455a640) already deleted (list name = TList)
Error in <TList::Clear>: A list is accessing an object (0x144b8e5a0) already deleted (list name = TList)
Error in <TList::Clear>: A list is accessing an object (0x148f81660) already deleted (list name = TList)
Error in <TList::Clear>: A list is accessing an object (0x14d4280c0) already deleted (list name = TList)
Error in <TList::Clear>: A list is accessing an object (0x1573d2c90) already deleted (list name = TList)
Error in <TList::Clear>: A list is accessing an object (0x151990500) already deleted (list name = TList)
Error in <TList::Clear>: A list is accessing an object (0x15f793100) already deleted (list name = TList)
Error in <TList::Clear>: A list is accessing an object (0x15f5dd990) already deleted (list name = TList)
Error in <TList::Clear>: A list is accessing an object (0x1675cb250) already deleted (list name = TList)
Error in <TList::Clear>: A list is accessing an object (0x1574257e0) already deleted (list name = TList)
Error in <TList::Clear>: A list is accessing an object (0x167b901a0) already deleted (list name = TList)
Error in <TList::Clear>: A list is accessing an object (0x167b847a0) already deleted (list name = TList)
Error in <TList::Clear>: A list is accessing an object (0x16ed6b9e0) already deleted (list name = TList)
Error in <TList::Clear>: A list is accessing an object (0x16eaeb1d0) already deleted (list name = TList)
Error in <TList::Clear>: A list is accessing an object (0x175229c20) already deleted (list name = TList)
Error in <TList::Clear>: A list is accessing an object (0x1751f5050) already deleted (list name = TList)
Error in <TList::Clear>: A list is accessing an object (0x175304c50) already deleted (list name = TList)
Error in <TList::Clear>: A list is accessing an object (0x17b18a870) already deleted (list name = TList)
Error in <TList::Clear>: A list is accessing an object (0x18197d040) already deleted (list name = TList)
Error in <TList::Clear>: A list is accessing an object (0x181d5b2d0) already deleted (list name = TList)
Error in <TList::Clear>: A list is accessing an object (0x189ce9b50) already deleted (list name = TList)
Error in <TList::Clear>: A list is accessing an object (0x189abb680) already deleted (list name = TList)
Error in <TList::Clear>: A list is accessing an object (0x189da0d10) already deleted (list name = TList)
Error in <TList::Clear>: A list is accessing an object (0x18a1f42c0) already deleted (list name = TList)
Error in <TList::Clear>: A list is accessing an object (0x194fa1200) already deleted (list name = TList)
Error in <TList::Clear>: A list is accessing an object (0x19a000d50) already deleted (list name = TList)
Error in <TList::Clear>: A list is accessing an object (0x194fd7fd0) already deleted (list name = TList)
Error in <TList::Clear>: A list is accessing an object (0x1953f2260) already deleted (list name = TList)
Error in <TList::Clear>: A list is accessing an object (0x19a601f90) already deleted (list name = TList)
Error in <TList::Clear>: A list is accessing an object (0x19a602080) already deleted (list name = TList)
Error in <TList::Clear>: A list is accessing an object (0x1a3936610) already deleted (list name = TList)
Error in <TList::Clear>: A list is accessing an object (0x1a3820220) already deleted (list name = TList)
Error in <TList::Clear>: A list is accessing an object (0x1ad2d7250) already deleted (list name = TList)
Error in <TList::Clear>: A list is accessing an object (0x1a8e9fe50) already deleted (list name = TList)
Error in <TList::Clear>: A list is accessing an object (0x1ad8c3430) already deleted (list name = TList)
Error in <TList::Clear>: A list is accessing an object (0x1b2274000) already deleted (list name = TList)
Error in <TList::Clear>: A list is accessing an object (0x1b27f29b0) already deleted (list name = TList)
Error in <TList::Clear>: A list is accessing an object (0x1b765f100) already deleted (list name = TList)
Error in <TList::Clear>: A list is accessing an object (0x1b78b9610) already deleted (list name = TList)
Error in <TList::Clear>: A list is accessing an object (0x1b78b9790) already deleted (list name = TList)
Error in <TList::Clear>: A list is accessing an object (0x907dc60) already deleted (list name = TList)
Error in <TList::Clear>: A list is accessing an object (0x907de90) already deleted (list name = TList)
Error in <TList::Clear>: A list is accessing an object (0x7b1fb50) already deleted (list name = TList)
Error in <TList::Clear>: A list is accessing an object (0x7b1fd80) already deleted (list name = TList)
Error in <TList::Clear>: A list is accessing an object (0x10473470) already deleted (list name = TList)
Error in <TList::Clear>: A list is accessing an object (0x104736a0) already deleted (list name = TList)
Error in <TList::Clear>: A list is accessing an object (0x15c65240) already deleted (list name = TList)
Error in <TList::Clear>: A list is accessing an object (0x15c353d0) already deleted (list name = TList)
Error in <TList::Clear>: A list is accessing an object (0x1611bca0) already deleted (list name = TList)
Error in <TList::Clear>: A list is accessing an object (0x15f9b330) already deleted (list name = TList)
Error in <TList::Clear>: A list is accessing an object (0x216eafc0) already deleted (list name = TList)
Error in <TList::Clear>: A list is accessing an object (0x21702480) already deleted (list name = TList)
Error in <TList::Clear>: A list is accessing an object (0x2a5b0920) already deleted (list name = TList)
Error in <TList::Clear>: A list is accessing an object (0x2a5b0aa0) already deleted (list name = TList)
Error in <TList::Clear>: A list is accessing an object (0x31b8cc20) already deleted (list name = TList)
Error in <TList::Clear>: A list is accessing an object (0x335f7450) already deleted (list name = TList)
Error in <TList::Clear>: A list is accessing an object (0x33abd370) already deleted (list name = TList)
Error in <TList::Clear>: A list is accessing an object (0x33741f50) already deleted (list name = TList)
Error in <TList::Clear>: A list is accessing an object (0x40583200) already deleted (list name = TList)
Error in <TList::Clear>: A list is accessing an object (0x40583350) already deleted (list name = TList)
Error in <TList::Clear>: A list is accessing an object (0x40adf470) already deleted (list name = TList)
Error in <TList::Clear>: A list is accessing an object (0x405a4d60) already deleted (list name = TList)
Error in <TList::Clear>: A list is accessing an object (0x40b35ea0) already deleted (list name = TList)
Error in <TList::Clear>: A list is accessing an object (0x40546900) already deleted (list name = TList)
Error in <TList::Clear>: A list is accessing an object (0x4d04ccd0) already deleted (list name = TList)
Error in <TList::Clear>: A list is accessing an object (0x4d053fd0) already deleted (list name = TList)
Error in <TList::Clear>: A list is accessing an object (0x4d18ba90) already deleted (list name = TList)
Error in <TList::Clear>: A list is accessing an object (0x5218f490) already deleted (list name = TList)
Error in <TList::Clear>: A list is accessing an object (0x58b19fc0) already deleted (list name = TList)
Error in <TList::Clear>: A list is accessing an object (0x58b46280) already deleted (list name = TList)
Error in <TList::Clear>: A list is accessing an object (0x66d4b810) already deleted (list name = TList)
Error in <TList::Clear>: A list is accessing an object (0x66d0d270) already deleted (list name = TList)
Error in <TList::Clear>: A list is accessing an object (0x6eec7ba0) already deleted (list name = TList)
Error in <TList::Clear>: A list is accessing an object (0x6eec18a0) already deleted (list name = TList)
Error in <TList::Clear>: A list is accessing an object (0x740e3da0) already deleted (list name = TList)
Error in <TList::Clear>: A list is accessing an object (0x741280a0) already deleted (list name = TList)
Error in <TList::Clear>: A list is accessing an object (0x7493c5e0) already deleted (list name = TList)
Error in <TList::Clear>: A list is accessing an object (0x74958c60) already deleted (list name = TList)
Error in <TList::Clear>: A list is accessing an object (0x7a7bba80) already deleted (list name = TList)
Error in <TList::Clear>: A list is accessing an object (0x7a8308f0) already deleted (list name = TList)
Error in <TList::Clear>: A list is accessing an object (0x804046d0) already deleted (list name = TList)
Error in <TList::Clear>: A list is accessing an object (0x804c1b30) already deleted (list name = TList)
Error in <TList::Clear>: A list is accessing an object (0x862ca590) already deleted (list name = TList)
Error in <TList::Clear>: A list is accessing an object (0x80576230) already deleted (list name = TList)
Error in <TList::Clear>: A list is accessing an object (0x8c6d0610) already deleted (list name = TList)
Error in <TList::Clear>: A list is accessing an object (0x8c6cece0) already deleted (list name = TList)
Error in <TList::Clear>: A list is accessing an object (0x978c5e90) already deleted (list name = TList)
Error in <TList::Clear>: A list is accessing an object (0x97965d50) already deleted (list name = TList)
Error in <TList::Clear>: A list is accessing an object (0x97e90bb0) already deleted (list name = TList)
Error in <TList::Clear>: A list is accessing an object (0x9804cd50) already deleted (list name = TList)
Error in <TList::Clear>: A list is accessing an object (0x9e3716d0) already deleted (list name = TList)
Error in <TList::Clear>: A list is accessing an object (0x9e371820) already deleted (list name = TList)
Error in <TList::Clear>: A list is accessing an object (0xa5c2fd20) already deleted (list name = TList)
Error in <TList::Clear>: A list is accessing an object (0xa5cc6a00) already deleted (list name = TList)
Error in <TList::Clear>: A list is accessing an object (0xa5b8fd30) already deleted (list name = TList)
Error in <TList::Clear>: A list is accessing an object (0xab3684d0) already deleted (list name = TList)
Error in <TList::Clear>: A list is accessing an object (0xb1b82790) already deleted (list name = TList)
Error in <TList::Clear>: A list is accessing an object (0xb1b7a900) already deleted (list name = TList)
Error in <TList::Clear>: A list is accessing an object (0xbc378ea0) already deleted (list name = TList)
Error in <TList::Clear>: A list is accessing an object (0xb1bde250) already deleted (list name = TList)
Error in <TList::Clear>: A list is accessing an object (0xbca39fb0) already deleted (list name = TList)
Error in <TList::Clear>: A list is accessing an object (0xc2e21760) already deleted (list name = TList)
Error in <TList::Clear>: A list is accessing an object (0xcc567060) already deleted (list name = TList)
Error in <TList::Clear>: A list is accessing an object (0xcc5088e0) already deleted (list name = TList)
Error in <TList::Clear>: A list is accessing an object (0xd1cd79f0) already deleted (list name = TList)
Error in <TList::Clear>: A list is accessing an object (0xd1d256b0) already deleted (list name = TList)
Error in <TList::Clear>: A list is accessing an object (0xd1e9c1b0) already deleted (list name = TList)
Error in <TList::Clear>: A list is accessing an object (0xd1e9c300) already deleted (list name = TList)
Error in <TList::Clear>: A list is accessing an object (0xd5dbd140) already deleted (list name = TList)
Error in <TList::Clear>: A list is accessing an object (0xd5dbd320) already deleted (list name = TList)
Error in <TList::Clear>: A list is accessing an object (0xdd82d3c0) already deleted (list name = TList)
Error in <TList::Clear>: A list is accessing an object (0xdd9629b0) already deleted (list name = TList)
Error in <TList::Clear>: A list is accessing an object (0xe2417f40) already deleted (list name = TList)
Error in <TList::Clear>: A list is accessing an object (0xd5e7c260) already deleted (list name = TList)
Error in <TList::Clear>: A list is accessing an object (0xe463acd0) already deleted (list name = TList)
Error in <TList::Clear>: A list is accessing an object (0xe4607880) already deleted (list name = TList)
Error in <TList::Clear>: A list is accessing an object (0xddbf4c80) already deleted (list name = TList)
Error in <TList::Clear>: A list is accessing an object (0xe6757690) already deleted (list name = TList)
Error in <TList::Clear>: A list is accessing an object (0xeefb0090) already deleted (list name = TList)
Error in <TList::Clear>: A list is accessing an object (0xea827a10) already deleted (list name = TList)
Error in <TList::Clear>: A list is accessing an object (0xef020be0) already deleted (list name = TList)
Error in <TList::Clear>: A list is accessing an object (0xf1609530) already deleted (list name = TList)
Error in <TList::Clear>: A list is accessing an object (0xf396b8e0) already deleted (list name = TList)
Error in <TList::Clear>: A list is accessing an object (0xf39d05d0) already deleted (list name = TList)
Error in <TList::Clear>: A list is accessing an object (0xfc846100) already deleted (list name = TList)
Error in <TList::Clear>: A list is accessing an object (0xf81e34e0) already deleted (list name = TList)
Error in <TList::Clear>: A list is accessing an object (0xfcc37110) already deleted (list name = TList)
Error in <TList::Clear>: A list is accessing an object (0xfcc37290) already deleted (list name = TList)
Error in <TList::Clear>: A list is accessing an object (0x102ca0510) already deleted (list name = TList)
Error in <TList::Clear>: A list is accessing an object (0x100ab1440) already deleted (list name = TList)
Error in <TList::Clear>: A list is accessing an object (0x1043f0850) already deleted (list name = TList)
Error in <TList::Clear>: A list is accessing an object (0x1043f09d0) already deleted (list name = TList)
Error in <TList::Clear>: A list is accessing an object (0x10474c2a0) already deleted (list name = TList)
Error in <TList::Clear>: A list is accessing an object (0x10468cf50) already deleted (list name = TList)
Error in <TList::Clear>: A list is accessing an object (0x10d65eb90) already deleted (list name = TList)
Error in <TList::Clear>: A list is accessing an object (0x10d668cb0) already deleted (list name = TList)
Error in <TList::Clear>: A list is accessing an object (0x111c24cd0) already deleted (list name = TList)
Error in <TList::Clear>: A list is accessing an object (0x111c24e20) already deleted (list name = TList)
Error in <TList::Clear>: A list is accessing an object (0x117442360) already deleted (list name = TList)
Error in <TList::Clear>: A list is accessing an object (0x1174424e0) already deleted (list name = TList)
Error in <TList::Clear>: A list is accessing an object (0x118c3c120) already deleted (list name = TList)
Error in <TList::Clear>: A list is accessing an object (0x118c20990) already deleted (list name = TList)
Error in <TList::Clear>: A list is accessing an object (0x121c96420) already deleted (list name = TList)
Error in <TList::Clear>: A list is accessing an object (0x121c96600) already deleted (list name = TList)
Error in <TList::Clear>: A list is accessing an object (0x123b8dd50) already deleted (list name = TList)
Error in <TList::Clear>: A list is accessing an object (0x123b7b660) already deleted (list name = TList)
Error in <TList::Clear>: A list is accessing an object (0x125a8d950) already deleted (list name = TList)
Error in <TList::Clear>: A list is accessing an object (0x125820c00) already deleted (list name = TList)
Error in <TList::Clear>: A list is accessing an object (0x12c18f360) already deleted (list name = TList)
Error in <TList::Clear>: A list is accessing an object (0x12c1961a0) already deleted (list name = TList)
Error in <TList::Clear>: A list is accessing an object (0x12fee62b0) already deleted (list name = TList)
Error in <TList::Clear>: A list is accessing an object (0x12fed3c30) already deleted (list name = TList)
Error in <TList::Clear>: A list is accessing an object (0x133ef9090) already deleted (list name = TList)
Error in <TList::Clear>: A list is accessing an object (0x133f302f0) already deleted (list name = TList)
Error in <TList::Clear>: A list is accessing an object (0x13a118330) already deleted (list name = TList)
Error in <TList::Clear>: A list is accessing an object (0x139dd3640) already deleted (list name = TList)
Error in <TList::Clear>: A list is accessing an object (0x143643420) already deleted (list name = TList)
Error in <TList::Clear>: A list is accessing an object (0x1435ce760) already deleted (list name = TList)
Error in <TList::Clear>: A list is accessing an object (0x14bfa0860) already deleted (list name = TList)
Error in <TList::Clear>: A list is accessing an object (0x14bee8360) already deleted (list name = TList)
Error in <TList::Clear>: A list is accessing an object (0x155c5f430) already deleted (list name = TList)
Error in <TList::Clear>: A list is accessing an object (0x155c5f580) already deleted (list name = TList)
Error in <TList::Clear>: A list is accessing an object (0x15e1fef30) already deleted (list name = TList)
Error in <TList::Clear>: A list is accessing an object (0x15e1fe640) already deleted (list name = TList)
Error in <TList::Clear>: A list is accessing an object (0x16616a020) already deleted (list name = TList)
Error in <TList::Clear>: A list is accessing an object (0x166138af0) already deleted (list name = TList)
Error in <TList::Clear>: A list is accessing an object (0x1667f5850) already deleted (list name = TList)
Error in <TList::Clear>: A list is accessing an object (0x16c25c040) already deleted (list name = TList)
Error in <TList::Clear>: A list is accessing an object (0x16d82fe60) already deleted (list name = TList)
Error in <TList::Clear>: A list is accessing an object (0x16d79b1e0) already deleted (list name = TList)
Error in <TList::Clear>: A list is accessing an object (0x177dba900) already deleted (list name = TList)
Error in <TList::Clear>: A list is accessing an object (0x177db4e10) already deleted (list name = TList)
Error in <TList::Clear>: A list is accessing an object (0x179d6d740) already deleted (list name = TList)
Error in <TList::Clear>: A list is accessing an object (0x1799ed7f0) already deleted (list name = TList)
Error in <TList::Clear>: A list is accessing an object (0x1807aa4f0) already deleted (list name = TList)
Error in <TList::Clear>: A list is accessing an object (0x180807030) already deleted (list name = TList)
Error in <TList::Clear>: A list is accessing an object (0x1887b5d80) already deleted (list name = TList)
Error in <TList::Clear>: A list is accessing an object (0x18e68bfe0) already deleted (list name = TList)
Error in <TList::Clear>: A list is accessing an object (0x188c2cce0) already deleted (list name = TList)
Error in <TList::Clear>: A list is accessing an object (0x188c2cdd0) already deleted (list name = TList)
Error in <TList::Clear>: A list is accessing an object (0x193a65370) already deleted (list name = TList)
Error in <TList::Clear>: A list is accessing an object (0x198a821a0) already deleted (list name = TList)
Error in <TList::Clear>: A list is accessing an object (0x193ecdcc0) already deleted (list name = TList)
Error in <TList::Clear>: A list is accessing an object (0x193ebae80) already deleted (list name = TList)
Error in <TList::Clear>: A list is accessing an object (0x19915e430) already deleted (list name = TList)
Error in <TList::Clear>: A list is accessing an object (0x198d61150) already deleted (list name = TList)
Error in <TList::Clear>: A list is accessing an object (0x1a250b5d0) already deleted (list name = TList)
Error in <TList::Clear>: A list is accessing an object (0x1a23eb260) already deleted (list name = TList)
Error in <TList::Clear>: A list is accessing an object (0x1a79feed0) already deleted (list name = TList)
Error in <TList::Clear>: A list is accessing an object (0x1a7783b00) already deleted (list name = TList)
Error in <TList::Clear>: A list is accessing an object (0x1b0cb0040) already deleted (list name = TList)
Error in <TList::Clear>: A list is accessing an object (0x1b0d26460) already deleted (list name = TList)
Error in <TList::Clear>: A list is accessing an object (0x1b60afbe0) already deleted (list name = TList)
Error in <TList::Clear>: A list is accessing an object (0x1b60afcd0) already deleted (list name = TList)
Error in <TList::Clear>: A list is accessing an object (0x1b631b360) already deleted (list name = TList)
Error in <TList::Clear>: A list is accessing an object (0x1b63370d0) already deleted (list name = TList)
Error in <TList::Clear>: A list is accessing an object (0x7b1fb50) already deleted (list name = TList)
Error in <TList::Clear>: A list is accessing an object (0x7b1fd80) already deleted (list name = TList)
perl: warning: Setting locale failed.
perl: warning: Please check that your locale settings:
	LANGUAGE = (unset),
	LC_ALL = (unset),
	LC_CTYPE = "UTF-8",
	LANG = "C"
    are supported and installed on your system.
perl: warning: Falling back to the standard locale ("C").
Error in <TList::Clear>: A list is accessing an object (0x8dd1650) already deleted (list name = TList)
Error in <TList::Clear>: A list is accessing an object (0x8dd1880) already deleted (list name = TList)
Error in <TList::Clear>: A list is accessing an object (0x1171a480) already deleted (list name = TList)
Error in <TList::Clear>: A list is accessing an object (0x1171a6b0) already deleted (list name = TList)
Error in <TList::Clear>: A list is accessing an object (0x16ee76e0) already deleted (list name = TList)
Error in <TList::Clear>: A list is accessing an object (0x16f25050) already deleted (list name = TList)
Error in <TList::Clear>: A list is accessing an object (0x17252bd0) already deleted (list name = TList)
Error in <TList::Clear>: A list is accessing an object (0x1bd8e0c0) already deleted (list name = TList)
Error in <TList::Clear>: A list is accessing an object (0x2298a890) already deleted (list name = TList)
Error in <TList::Clear>: A list is accessing an object (0x2298aaa0) already deleted (list name = TList)
Error in <TList::Clear>: A list is accessing an object (0x2b777d80) already deleted (list name = TList)
Error in <TList::Clear>: A list is accessing an object (0x2b7779e0) already deleted (list name = TList)
Error in <TList::Clear>: A list is accessing an object (0x3486db80) already deleted (list name = TList)
Error in <TList::Clear>: A list is accessing an object (0x348b1100) already deleted (list name = TList)
Error in <TList::Clear>: A list is accessing an object (0x34d716f0) already deleted (list name = TList)
Error in <TList::Clear>: A list is accessing an object (0x34cc6a20) already deleted (list name = TList)
Error in <TList::Clear>: A list is accessing an object (0x418445c0) already deleted (list name = TList)
Error in <TList::Clear>: A list is accessing an object (0x41844710) already deleted (list name = TList)
Error in <TList::Clear>: A list is accessing an object (0x41d8e9c0) already deleted (list name = TList)
Error in <TList::Clear>: A list is accessing an object (0x41dd4e80) already deleted (list name = TList)
Error in <TList::Clear>: A list is accessing an object (0x41851920) already deleted (list name = TList)
Error in <TList::Clear>: A list is accessing an object (0x41df9ee0) already deleted (list name = TList)
Error in <TList::Clear>: A list is accessing an object (0x4e4c0db0) already deleted (list name = TList)
Error in <TList::Clear>: A list is accessing an object (0x4e4c92b0) already deleted (list name = TList)
Error in <TList::Clear>: A list is accessing an object (0x53431a80) already deleted (list name = TList)
Error in <TList::Clear>: A list is accessing an object (0x5339d0f0) already deleted (list name = TList)
Error in <TList::Clear>: A list is accessing an object (0x59d0beb0) already deleted (list name = TList)
Error in <TList::Clear>: A list is accessing an object (0x59e230d0) already deleted (list name = TList)
Error in <TList::Clear>: A list is accessing an object (0x67f719a0) already deleted (list name = TList)
Error in <TList::Clear>: A list is accessing an object (0x67fb8ae0) already deleted (list name = TList)
Error in <TList::Clear>: A list is accessing an object (0x70085710) already deleted (list name = TList)
Error in <TList::Clear>: A list is accessing an object (0x70071650) already deleted (list name = TList)
Error in <TList::Clear>: A list is accessing an object (0x752f8a00) already deleted (list name = TList)
Error in <TList::Clear>: A list is accessing an object (0x753d9bf0) already deleted (list name = TList)
Error in <TList::Clear>: A list is accessing an object (0x759e5220) already deleted (list name = TList)
Error in <TList::Clear>: A list is accessing an object (0x75b94170) already deleted (list name = TList)
Error in <TList::Clear>: A list is accessing an object (0x7bb29fe0) already deleted (list name = TList)
Error in <TList::Clear>: A list is accessing an object (0x7ba8f1a0) already deleted (list name = TList)
Error in <TList::Clear>: A list is accessing an object (0x817aad20) already deleted (list name = TList)
Error in <TList::Clear>: A list is accessing an object (0x817aab00) already deleted (list name = TList)
Error in <TList::Clear>: A list is accessing an object (0x875dc670) already deleted (list name = TList)
Error in <TList::Clear>: A list is accessing an object (0x875ba540) already deleted (list name = TList)
Error in <TList::Clear>: A list is accessing an object (0x8db2e370) already deleted (list name = TList)
Error in <TList::Clear>: A list is accessing an object (0x8daadcc0) already deleted (list name = TList)
Error in <TList::Clear>: A list is accessing an object (0x98bbf560) already deleted (list name = TList)
Error in <TList::Clear>: A list is accessing an object (0x98bb43e0) already deleted (list name = TList)
Error in <TList::Clear>: A list is accessing an object (0x992b5d10) already deleted (list name = TList)
Error in <TList::Clear>: A list is accessing an object (0x993e0f50) already deleted (list name = TList)
Error in <TList::Clear>: A list is accessing an object (0x9f75fdb0) already deleted (list name = TList)
Error in <TList::Clear>: A list is accessing an object (0x9f614860) already deleted (list name = TList)
Error in <TList::Clear>: A list is accessing an object (0xa6ebdc60) already deleted (list name = TList)
Error in <TList::Clear>: A list is accessing an object (0xa6ecefc0) already deleted (list name = TList)
Error in <TList::Clear>: A list is accessing an object (0x99388a50) already deleted (list name = TList)
Error in <TList::Clear>: A list is accessing an object (0xac6abe90) already deleted (list name = TList)
Error in <TList::Clear>: A list is accessing an object (0xac7806f0) already deleted (list name = TList)
Error in <TList::Clear>: A list is accessing an object (0xac7807e0) already deleted (list name = TList)
Error in <TList::Clear>: A list is accessing an object (0xbd738730) already deleted (list name = TList)
Error in <TList::Clear>: A list is accessing an object (0xbd738820) already deleted (list name = TList)
Error in <TList::Clear>: A list is accessing an object (0xbdbaeae0) already deleted (list name = TList)
Error in <TList::Clear>: A list is accessing an object (0xbd7e5180) already deleted (list name = TList)
Error in <TList::Clear>: A list is accessing an object (0xcd7d8280) already deleted (list name = TList)
Error in <TList::Clear>: A list is accessing an object (0xcd72a830) already deleted (list name = TList)
Error in <TList::Clear>: A list is accessing an object (0xcd9baed0) already deleted (list name = TList)
Error in <TList::Clear>: A list is accessing an object (0xcd9c7870) already deleted (list name = TList)
Error in <TList::Clear>: A list is accessing an object (0xd56ad3d0) already deleted (list name = TList)
Error in <TList::Clear>: A list is accessing an object (0xd56ad5b0) already deleted (list name = TList)
Error in <TList::Clear>: A list is accessing an object (0xdad96da0) already deleted (list name = TList)
Error in <TList::Clear>: A list is accessing an object (0xdad96f20) already deleted (list name = TList)
Error in <TList::Clear>: A list is accessing an object (0xdec01b50) already deleted (list name = TList)
Error in <TList::Clear>: A list is accessing an object (0xd70ba310) already deleted (list name = TList)
Error in <TList::Clear>: A list is accessing an object (0xd7107ad0) already deleted (list name = TList)
Error in <TList::Clear>: A list is accessing an object (0xdec59cf0) already deleted (list name = TList)
Error in <TList::Clear>: A list is accessing an object (0xdedecb00) already deleted (list name = TList)
Error in <TList::Clear>: A list is accessing an object (0xdece5640) already deleted (list name = TList)
Error in <TList::Clear>: A list is accessing an object (0xdee4e4c0) already deleted (list name = TList)
Error in <TList::Clear>: A list is accessing an object (0xdee4eed0) already deleted (list name = TList)
Error in <TList::Clear>: A list is accessing an object (0xefde7fb0) already deleted (list name = TList)
Error in <TList::Clear>: A list is accessing an object (0xefdef280) already deleted (list name = TList)
Error in <TList::Clear>: A list is accessing an object (0xf28c0230) already deleted (list name = TList)
Error in <TList::Clear>: A list is accessing an object (0xf025b950) already deleted (list name = TList)
Error in <TList::Clear>: A list is accessing an object (0xf8f591f0) already deleted (list name = TList)
Error in <TList::Clear>: A list is accessing an object (0xf903c5b0) already deleted (list name = TList)
Error in <TList::Clear>: A list is accessing an object (0xfd9ca8f0) already deleted (list name = TList)
Error in <TList::Clear>: A list is accessing an object (0xf946d050) already deleted (list name = TList)
Error in <TList::Clear>: A list is accessing an object (0xfdee0c00) already deleted (list name = TList)
Error in <TList::Clear>: A list is accessing an object (0xfded6dd0) already deleted (list name = TList)
Error in <TList::Clear>: A list is accessing an object (0x103f9ec90) already deleted (list name = TList)
Error in <TList::Clear>: A list is accessing an object (0x103f9ede0) already deleted (list name = TList)
Error in <TList::Clear>: A list is accessing an object (0x107c5a930) already deleted (list name = TList)
Error in <TList::Clear>: A list is accessing an object (0x107c5aa80) already deleted (list name = TList)
Error in <TList::Clear>: A list is accessing an object (0x10590f6d0) already deleted (list name = TList)
Error in <TList::Clear>: A list is accessing an object (0x1059db4c0) already deleted (list name = TList)
Error in <TList::Clear>: A list is accessing an object (0x112de16c0) already deleted (list name = TList)
Error in <TList::Clear>: A list is accessing an object (0x112dda000) already deleted (list name = TList)
Error in <TList::Clear>: A list is accessing an object (0x112e5efd0) already deleted (list name = TList)
Error in <TList::Clear>: A list is accessing an object (0x112e5f120) already deleted (list name = TList)
Error in <TList::Clear>: A list is accessing an object (0x1186975d0) already deleted (list name = TList)
Error in <TList::Clear>: A list is accessing an object (0x1186977b0) already deleted (list name = TList)
Error in <TList::Clear>: A list is accessing an object (0x11c3345e0) already deleted (list name = TList)
Error in <TList::Clear>: A list is accessing an object (0x11c38acf0) already deleted (list name = TList)
Error in <TList::Clear>: A list is accessing an object (0x119f964a0) already deleted (list name = TList)
Error in <TList::Clear>: A list is accessing an object (0x122e45dd0) already deleted (list name = TList)
Error in <TList::Clear>: A list is accessing an object (0x11e48caa0) already deleted (list name = TList)
Error in <TList::Clear>: A list is accessing an object (0x11e47ea90) already deleted (list name = TList)
Error in <TList::Clear>: A list is accessing an object (0x126b10870) already deleted (list name = TList)
Error in <TList::Clear>: A list is accessing an object (0x66b22b20) already deleted (list name = TList)
Error in <TList::Clear>: A list is accessing an object (0x12d432860) already deleted (list name = TList)
Error in <TList::Clear>: A list is accessing an object (0x12d43e640) already deleted (list name = TList)
Error in <TList::Clear>: A list is accessing an object (0x126e070a0) already deleted (list name = TList)
Error in <TList::Clear>: A list is accessing an object (0x126e07280) already deleted (list name = TList)
Error in <TList::Clear>: A list is accessing an object (0x12ee23700) already deleted (list name = TList)
Error in <TList::Clear>: A list is accessing an object (0x1351c0fc0) already deleted (list name = TList)
Error in <TList::Clear>: A list is accessing an object (0x132f97640) already deleted (list name = TList)
Error in <TList::Clear>: A list is accessing an object (0x6e39adc0) already deleted (list name = TList)
Error in <TList::Clear>: A list is accessing an object (0x1448147e0) already deleted (list name = TList)
Error in <TList::Clear>: A list is accessing an object (0x1448b5290) already deleted (list name = TList)
Error in <TList::Clear>: A list is accessing an object (0x14d16bb80) already deleted (list name = TList)
Error in <TList::Clear>: A list is accessing an object (0x14cf25450) already deleted (list name = TList)
Error in <TList::Clear>: A list is accessing an object (0x1516b5730) already deleted (list name = TList)
Error in <TList::Clear>: A list is accessing an object (0x156eede30) already deleted (list name = TList)
Error in <TList::Clear>: A list is accessing an object (0x15d5a3eb0) already deleted (list name = TList)
Error in <TList::Clear>: A list is accessing an object (0x15d5a4960) already deleted (list name = TList)
Error in <TList::Clear>: A list is accessing an object (0x1673c9da0) already deleted (list name = TList)
Error in <TList::Clear>: A list is accessing an object (0x1672fd7d0) already deleted (list name = TList)
Error in <TList::Clear>: A list is accessing an object (0x16d656610) already deleted (list name = TList)
Error in <TList::Clear>: A list is accessing an object (0x16d6567f0) already deleted (list name = TList)
Error in <TList::Clear>: A list is accessing an object (0x16eac81f0) already deleted (list name = TList)
Error in <TList::Clear>: A list is accessing an object (0x16e8d20d0) already deleted (list name = TList)
Error in <TList::Clear>: A list is accessing an object (0x174f80f50) already deleted (list name = TList)
Error in <TList::Clear>: A list is accessing an object (0x174f67a40) already deleted (list name = TList)
Error in <TList::Clear>: A list is accessing an object (0x17afe6fc0) already deleted (list name = TList)
Error in <TList::Clear>: A list is accessing an object (0x17ac77830) already deleted (list name = TList)
Error in <TList::Clear>: A list is accessing an object (0x1815fb920) already deleted (list name = TList)
Error in <TList::Clear>: A list is accessing an object (0x1815fba70) already deleted (list name = TList)
Error in <TList::Clear>: A list is accessing an object (0x189a5c280) already deleted (list name = TList)
Error in <TList::Clear>: A list is accessing an object (0x18999de70) already deleted (list name = TList)
Error in <TList::Clear>: A list is accessing an object (0x189aecec0) already deleted (list name = TList)
Error in <TList::Clear>: A list is accessing an object (0x189aecfb0) already deleted (list name = TList)
Error in <TList::Clear>: A list is accessing an object (0x194c65180) already deleted (list name = TList)
Error in <TList::Clear>: A list is accessing an object (0x194c65270) already deleted (list name = TList)
Error in <TList::Clear>: A list is accessing an object (0x1951e77a0) already deleted (list name = TList)
Error in <TList::Clear>: A list is accessing an object (0x1951a0660) already deleted (list name = TList)
Error in <TList::Clear>: A list is accessing an object (0x19a35ea10) already deleted (list name = TList)
Error in <TList::Clear>: A list is accessing an object (0x19a382b30) already deleted (list name = TList)
Error in <TList::Clear>: A list is accessing an object (0x1a3488670) already deleted (list name = TList)
Error in <TList::Clear>: A list is accessing an object (0x1a35a7c80) already deleted (list name = TList)
Error in <TList::Clear>: A list is accessing an object (0x1a8cfcbb0) already deleted (list name = TList)
Error in <TList::Clear>: A list is accessing an object (0x1a8cfcca0) already deleted (list name = TList)
Error in <TList::Clear>: A list is accessing an object (0x1b1fd6750) already deleted (list name = TList)
Error in <TList::Clear>: A list is accessing an object (0x1b1fb0d40) already deleted (list name = TList)
Error in <TList::Clear>: A list is accessing an object (0x1b74db1a0) already deleted (list name = TList)
Error in <TList::Clear>: A list is accessing an object (0x1b73e0a60) already deleted (list name = TList)
Error in <TList::Clear>: A list is accessing an object (0x1b7633e90) already deleted (list name = TList)
Error in <TList::Clear>: A list is accessing an object (0x1b75887a0) already deleted (list name = TList)
Error in <TList::Clear>: A list is accessing an object (0x8dd1650) already deleted (list name = TList)
Error in <TList::Clear>: A list is accessing an object (0x8dd1880) already deleted (list name = TList)
