Traceback (most recent call last):
  File "/mnt/cmsrm-home01.roma1.infn.it/cmshome/fderiggi/CMSSW_10_2_13/bin/slc7_amd64_gcc700/text2workspace.py", line 37, in <module>
    file = open(options.fileName, "r")
IOError: [Errno 2] No such file or directory: 'Datacard_ALT_0PH.txt'
Traceback (most recent call last):
  File "/mnt/cmsrm-home01.roma1.infn.it/cmshome/fderiggi/CMSSW_10_2_13/bin/slc7_amd64_gcc700/text2workspace.py", line 55, in <module>
    __import__(physModMod)
  File "/cvmfs/cms.cern.ch/slc7_amd64_gcc700/lcg/root/6.12.07-gnimlf5/lib/ROOT.py", line 318, in _importhook
    return _orig_ihook( name, *args, **kwds )
ImportError: No module named FA2_Interference_JHU_rw_MengsMuV
Traceback (most recent call last):
  File "/mnt/cmsrm-home01.roma1.infn.it/cmshome/fderiggi/CMSSW_10_2_13/bin/slc7_amd64_gcc700/text2workspace.py", line 56, in <module>
    __import__(physModMod)
  File "/cvmfs/cms.cern.ch/slc7_amd64_gcc700/lcg/root/6.12.07-gnimlf5/lib/ROOT.py", line 318, in _importhook
    return _orig_ihook( name, *args, **kwds )
ImportError: No module named FA2_Interference_JHU_rw_MengsMuV
Traceback (most recent call last):
  File "/mnt/cmsrm-home01.roma1.infn.it/cmshome/fderiggi/CMSSW_10_2_13/bin/slc7_amd64_gcc700/text2workspace.py", line 56, in <module>
    __import__(physModMod)
  File "/cvmfs/cms.cern.ch/slc7_amd64_gcc700/lcg/root/6.12.07-gnimlf5/lib/ROOT.py", line 318, in _importhook
    return _orig_ihook( name, *args, **kwds )
ImportError: No module named FA2_Interference_JHU_rw_MengsMuV
Traceback (most recent call last):
  File "/mnt/cmsrm-home01.roma1.infn.it/cmshome/fderiggi/CMSSW_10_2_13/bin/slc7_amd64_gcc700/text2workspace.py", line 40, in <module>
    DC = parseCard(file, options)
  File "/mnt/cmsrm-home01.roma1.infn.it/cmshome/fderiggi/CMSSW_10_2_13/python/HiggsAnalysis/CombinedLimit/DatacardParser.py", line 304, in parseCard
    if v <= 0.00: raise ValueError('Found "%s" in the nuisances affecting %s for %s. This would lead to NANs later on, so please fix it.'%(r,p,b))
ValueError: Error reading line 2525 of file Datacard_ALT_0PH.txt: Found "2.000/0.000" in the nuisances affecting ggH_2016preVFP_hgg for RECO_TTH_HAD_PTH_60_120_Tag1. This would lead to NANs later on, so please fix it.
Error in <TList::Clear>: A list is accessing an object (0x973e760) already deleted (list name = TList)
Error in <TList::Clear>: A list is accessing an object (0x973e990) already deleted (list name = TList)
Error in <TList::Clear>: A list is accessing an object (0x12085490) already deleted (list name = TList)
Error in <TList::Clear>: A list is accessing an object (0x120856c0) already deleted (list name = TList)
Error in <TList::Clear>: A list is accessing an object (0x1788eec0) already deleted (list name = TList)
Error in <TList::Clear>: A list is accessing an object (0x178b2d20) already deleted (list name = TList)
Error in <TList::Clear>: A list is accessing an object (0x17d635c0) already deleted (list name = TList)
Error in <TList::Clear>: A list is accessing an object (0x17d32130) already deleted (list name = TList)
Error in <TList::Clear>: A list is accessing an object (0x232eec40) already deleted (list name = TList)
Error in <TList::Clear>: A list is accessing an object (0x232e45f0) already deleted (list name = TList)
Error in <TList::Clear>: A list is accessing an object (0x2c1c5480) already deleted (list name = TList)
Error in <TList::Clear>: A list is accessing an object (0x2c2eef30) already deleted (list name = TList)
Error in <TList::Clear>: A list is accessing an object (0x352c7f50) already deleted (list name = TList)
Error in <TList::Clear>: A list is accessing an object (0x3508aed0) already deleted (list name = TList)
Error in <TList::Clear>: A list is accessing an object (0x357ea440) already deleted (list name = TList)
Error in <TList::Clear>: A list is accessing an object (0x357ea590) already deleted (list name = TList)
Error in <TList::Clear>: A list is accessing an object (0x357d9030) already deleted (list name = TList)
Error in <TList::Clear>: A list is accessing an object (0x422e8050) already deleted (list name = TList)
Error in <TList::Clear>: A list is accessing an object (0x4297cea0) already deleted (list name = TList)
Error in <TList::Clear>: A list is accessing an object (0x42956390) already deleted (list name = TList)
Error in <TList::Clear>: A list is accessing an object (0x42e87e80) already deleted (list name = TList)
Error in <TList::Clear>: A list is accessing an object (0x42f14070) already deleted (list name = TList)
Error in <TList::Clear>: A list is accessing an object (0x4f08e450) already deleted (list name = TList)
Error in <TList::Clear>: A list is accessing an object (0x4f0c8730) already deleted (list name = TList)
Error in <TList::Clear>: A list is accessing an object (0x540bfdb0) already deleted (list name = TList)
Error in <TList::Clear>: A list is accessing an object (0x54101aa0) already deleted (list name = TList)
Error in <TList::Clear>: A list is accessing an object (0x5abd14f0) already deleted (list name = TList)
Error in <TList::Clear>: A list is accessing an object (0x5ababfc0) already deleted (list name = TList)
Error in <TList::Clear>: A list is accessing an object (0x68dbd650) already deleted (list name = TList)
Error in <TList::Clear>: A list is accessing an object (0x68da6010) already deleted (list name = TList)
Error in <TList::Clear>: A list is accessing an object (0x70dbbae0) already deleted (list name = TList)
Error in <TList::Clear>: A list is accessing an object (0x70fb8e40) already deleted (list name = TList)
Error in <TList::Clear>: A list is accessing an object (0x7610ef00) already deleted (list name = TList)
Error in <TList::Clear>: A list is accessing an object (0x76144de0) already deleted (list name = TList)
Error in <TList::Clear>: A list is accessing an object (0x76a42490) already deleted (list name = TList)
Error in <TList::Clear>: A list is accessing an object (0x76a4d1d0) already deleted (list name = TList)
Error in <TList::Clear>: A list is accessing an object (0x7ca22760) already deleted (list name = TList)
Error in <TList::Clear>: A list is accessing an object (0x7c7f5760) already deleted (list name = TList)
Error in <TList::Clear>: A list is accessing an object (0x825488c0) already deleted (list name = TList)
Error in <TList::Clear>: A list is accessing an object (0x826a5510) already deleted (list name = TList)
Error in <TList::Clear>: A list is accessing an object (0x884ebf80) already deleted (list name = TList)
Error in <TList::Clear>: A list is accessing an object (0x884ec0d0) already deleted (list name = TList)
Error in <TList::Clear>: A list is accessing an object (0x8eb04d80) already deleted (list name = TList)
Error in <TList::Clear>: A list is accessing an object (0x8eb26980) already deleted (list name = TList)
Error in <TList::Clear>: A list is accessing an object (0x99d46a30) already deleted (list name = TList)
Error in <TList::Clear>: A list is accessing an object (0x99d465a0) already deleted (list name = TList)
Error in <TList::Clear>: A list is accessing an object (0x9a481970) already deleted (list name = TList)
Error in <TList::Clear>: A list is accessing an object (0x9a34ad80) already deleted (list name = TList)
Error in <TList::Clear>: A list is accessing an object (0x9a549b00) already deleted (list name = TList)
Error in <TList::Clear>: A list is accessing an object (0xa0842480) already deleted (list name = TList)
Error in <TList::Clear>: A list is accessing an object (0xa7f775c0) already deleted (list name = TList)
Error in <TList::Clear>: A list is accessing an object (0x9a475580) already deleted (list name = TList)
Error in <TList::Clear>: A list is accessing an object (0xad8833d0) already deleted (list name = TList)
Error in <TList::Clear>: A list is accessing an object (0xa7f5f2d0) already deleted (list name = TList)
Error in <TList::Clear>: A list is accessing an object (0xb3ff5060) already deleted (list name = TList)
Error in <TList::Clear>: A list is accessing an object (0xb3ff5150) already deleted (list name = TList)
Error in <TList::Clear>: A list is accessing an object (0xbe973e20) already deleted (list name = TList)
Error in <TList::Clear>: A list is accessing an object (0xbe986410) already deleted (list name = TList)
Error in <TList::Clear>: A list is accessing an object (0xbea85d50) already deleted (list name = TList)
Error in <TList::Clear>: A list is accessing an object (0xbeff6880) already deleted (list name = TList)
Error in <TList::Clear>: A list is accessing an object (0xcec793b0) already deleted (list name = TList)
Error in <TList::Clear>: A list is accessing an object (0xcec794a0) already deleted (list name = TList)
Error in <TList::Clear>: A list is accessing an object (0xd435c760) already deleted (list name = TList)
Error in <TList::Clear>: A list is accessing an object (0xccb491b0) already deleted (list name = TList)
Error in <TList::Clear>: A list is accessing an object (0xd6b54fe0) already deleted (list name = TList)
Error in <TList::Clear>: A list is accessing an object (0xd6b55130) already deleted (list name = TList)
Error in <TList::Clear>: A list is accessing an object (0xdc182650) already deleted (list name = TList)
Error in <TList::Clear>: A list is accessing an object (0xd4619250) already deleted (list name = TList)
Error in <TList::Clear>: A list is accessing an object (0xe0041ad0) already deleted (list name = TList)
Error in <TList::Clear>: A list is accessing an object (0xe00450d0) already deleted (list name = TList)
Error in <TList::Clear>: A list is accessing an object (0xe4ba66b0) already deleted (list name = TList)
Error in <TList::Clear>: A list is accessing an object (0xe4ba6890) already deleted (list name = TList)
Error in <TList::Clear>: A list is accessing an object (0xe01d40b0) already deleted (list name = TList)
Error in <TList::Clear>: A list is accessing an object (0xe00abf30) already deleted (list name = TList)
Error in <TList::Clear>: A list is accessing an object (0xe8ef3f30) already deleted (list name = TList)
Error in <TList::Clear>: A list is accessing an object (0xe8f21c10) already deleted (list name = TList)
Error in <TList::Clear>: A list is accessing an object (0xecec2a00) already deleted (list name = TList)
Error in <TList::Clear>: A list is accessing an object (0xecf64680) already deleted (list name = TList)
Error in <TList::Clear>: A list is accessing an object (0xf3c719f0) already deleted (list name = TList)
Error in <TList::Clear>: A list is accessing an object (0xf3c71bd0) already deleted (list name = TList)
Error in <TList::Clear>: A list is accessing an object (0xfa2dd120) already deleted (list name = TList)
Error in <TList::Clear>: A list is accessing an object (0xfa2dd270) already deleted (list name = TList)
Error in <TList::Clear>: A list is accessing an object (0xff0a8b80) already deleted (list name = TList)
Error in <TList::Clear>: A list is accessing an object (0xff0af2e0) already deleted (list name = TList)
Error in <TList::Clear>: A list is accessing an object (0x1017d2cc0) already deleted (list name = TList)
Error in <TList::Clear>: A list is accessing an object (0x101830e90) already deleted (list name = TList)
Error in <TList::Clear>: A list is accessing an object (0x1052c1eb0) already deleted (list name = TList)
Error in <TList::Clear>: A list is accessing an object (0x1052bf660) already deleted (list name = TList)
Error in <TList::Clear>: A list is accessing an object (0x10320a450) already deleted (list name = TList)
Error in <TList::Clear>: A list is accessing an object (0x1031c7a40) already deleted (list name = TList)
Error in <TList::Clear>: A list is accessing an object (0x106d7c320) already deleted (list name = TList)
Error in <TList::Clear>: A list is accessing an object (0x106d72310) already deleted (list name = TList)
Error in <TList::Clear>: A list is accessing an object (0x11437ee90) already deleted (list name = TList)
Error in <TList::Clear>: A list is accessing an object (0x11437efe0) already deleted (list name = TList)
Error in <TList::Clear>: A list is accessing an object (0x114407d80) already deleted (list name = TList)
Error in <TList::Clear>: A list is accessing an object (0x114477ec0) already deleted (list name = TList)
Error in <TList::Clear>: A list is accessing an object (0x1145ee350) already deleted (list name = TList)
Error in <TList::Clear>: A list is accessing an object (0x1145ee530) already deleted (list name = TList)
Error in <TList::Clear>: A list is accessing an object (0x114624b10) already deleted (list name = TList)
Error in <TList::Clear>: A list is accessing an object (0x11461f9c0) already deleted (list name = TList)
Error in <TList::Clear>: A list is accessing an object (0x124405060) already deleted (list name = TList)
Error in <TList::Clear>: A list is accessing an object (0x1244104b0) already deleted (list name = TList)
Error in <TList::Clear>: A list is accessing an object (0x1263e3460) already deleted (list name = TList)
Error in <TList::Clear>: A list is accessing an object (0x1263e35e0) already deleted (list name = TList)
Error in <TList::Clear>: A list is accessing an object (0x11fb6c6f0) already deleted (list name = TList)
Error in <TList::Clear>: A list is accessing an object (0x12834e950) already deleted (list name = TList)
Error in <TList::Clear>: A list is accessing an object (0x12c581150) already deleted (list name = TList)
Error in <TList::Clear>: A list is accessing an object (0x12c581330) already deleted (list name = TList)
Error in <TList::Clear>: A list is accessing an object (0x13039b390) already deleted (list name = TList)
Error in <TList::Clear>: A list is accessing an object (0x13039aec0) already deleted (list name = TList)
Error in <TList::Clear>: A list is accessing an object (0x1367bc7c0) already deleted (list name = TList)
Error in <TList::Clear>: A list is accessing an object (0x1367d79e0) already deleted (list name = TList)
Error in <TList::Clear>: A list is accessing an object (0x13ca0da20) already deleted (list name = TList)
Error in <TList::Clear>: A list is accessing an object (0x13c9eeb10) already deleted (list name = TList)
Error in <TList::Clear>: A list is accessing an object (0x145e7bd50) already deleted (list name = TList)
Error in <TList::Clear>: A list is accessing an object (0x145b72050) already deleted (list name = TList)
Error in <TList::Clear>: A list is accessing an object (0x14e8c9d30) already deleted (list name = TList)
Error in <TList::Clear>: A list is accessing an object (0x145f53ba0) already deleted (list name = TList)
Error in <TList::Clear>: A list is accessing an object (0x14e906a80) already deleted (list name = TList)
Error in <TList::Clear>: A list is accessing an object (0x1588c3f70) already deleted (list name = TList)
Error in <TList::Clear>: A list is accessing an object (0x160c19170) already deleted (list name = TList)
Error in <TList::Clear>: A list is accessing an object (0x1609797b0) already deleted (list name = TList)
Error in <TList::Clear>: A list is accessing an object (0x1672d3630) already deleted (list name = TList)
Error in <TList::Clear>: A list is accessing an object (0x1672d4050) already deleted (list name = TList)
Error in <TList::Clear>: A list is accessing an object (0x168cb16c0) already deleted (list name = TList)
Error in <TList::Clear>: A list is accessing an object (0x168cbe720) already deleted (list name = TList)
Error in <TList::Clear>: A list is accessing an object (0x168e7e9a0) already deleted (list name = TList)
Error in <TList::Clear>: A list is accessing an object (0x1742d0da0) already deleted (list name = TList)
Error in <TList::Clear>: A list is accessing an object (0x176359590) already deleted (list name = TList)
Error in <TList::Clear>: A list is accessing an object (0x176471a40) already deleted (list name = TList)
Error in <TList::Clear>: A list is accessing an object (0x17c2869f0) already deleted (list name = TList)
Error in <TList::Clear>: A list is accessing an object (0x17c25ac60) already deleted (list name = TList)
Error in <TList::Clear>: A list is accessing an object (0x182efeb40) already deleted (list name = TList)
Error in <TList::Clear>: A list is accessing an object (0x182df8410) already deleted (list name = TList)
Error in <TList::Clear>: A list is accessing an object (0x18ae30620) already deleted (list name = TList)
Error in <TList::Clear>: A list is accessing an object (0x18ad7b840) already deleted (list name = TList)
Error in <TList::Clear>: A list is accessing an object (0x195855ad0) already deleted (list name = TList)
Error in <TList::Clear>: A list is accessing an object (0x195855bc0) already deleted (list name = TList)
Error in <TList::Clear>: A list is accessing an object (0x1961282c0) already deleted (list name = TList)
Error in <TList::Clear>: A list is accessing an object (0x1961283b0) already deleted (list name = TList)
Error in <TList::Clear>: A list is accessing an object (0x19b57bcd0) already deleted (list name = TList)
Error in <TList::Clear>: A list is accessing an object (0x1961fadb0) already deleted (list name = TList)
Error in <TList::Clear>: A list is accessing an object (0x1a48b1f30) already deleted (list name = TList)
Error in <TList::Clear>: A list is accessing an object (0x19b9cb990) already deleted (list name = TList)
Error in <TList::Clear>: A list is accessing an object (0x19b9f2630) already deleted (list name = TList)
Error in <TList::Clear>: A list is accessing an object (0x19b9f2720) already deleted (list name = TList)
Error in <TList::Clear>: A list is accessing an object (0x1ae760400) already deleted (list name = TList)
Error in <TList::Clear>: A list is accessing an object (0x1ae7604f0) already deleted (list name = TList)
Error in <TList::Clear>: A list is accessing an object (0x1b35b1f90) already deleted (list name = TList)
Error in <TList::Clear>: A list is accessing an object (0x1b36c1190) already deleted (list name = TList)
Error in <TList::Clear>: A list is accessing an object (0x1b8a39330) already deleted (list name = TList)
Error in <TList::Clear>: A list is accessing an object (0x1b8b7d8d0) already deleted (list name = TList)
Error in <TList::Clear>: A list is accessing an object (0x1b8cf6800) already deleted (list name = TList)
Error in <TList::Clear>: A list is accessing an object (0x1b8cf68f0) already deleted (list name = TList)
Error in <TList::Clear>: A list is accessing an object (0x973e760) already deleted (list name = TList)
Error in <TList::Clear>: A list is accessing an object (0x973e990) already deleted (list name = TList)
perl: warning: Setting locale failed.
perl: warning: Please check that your locale settings:
	LANGUAGE = (unset),
	LC_ALL = (unset),
	LC_CTYPE = "UTF-8",
	LANG = "C"
    are supported and installed on your system.
perl: warning: Falling back to the standard locale ("C").
Error in <TList::Clear>: A list is accessing an object (0x91342a0) already deleted (list name = TList)
Error in <TList::Clear>: A list is accessing an object (0x91344d0) already deleted (list name = TList)
Error in <TList::Clear>: A list is accessing an object (0x11a7b620) already deleted (list name = TList)
Error in <TList::Clear>: A list is accessing an object (0x11a7b850) already deleted (list name = TList)
Error in <TList::Clear>: A list is accessing an object (0x1727b350) already deleted (list name = TList)
Error in <TList::Clear>: A list is accessing an object (0x1723d440) already deleted (list name = TList)
Error in <TList::Clear>: A list is accessing an object (0x17728a60) already deleted (list name = TList)
Error in <TList::Clear>: A list is accessing an object (0x1772d2a0) already deleted (list name = TList)
Error in <TList::Clear>: A list is accessing an object (0x22cfad90) already deleted (list name = TList)
Error in <TList::Clear>: A list is accessing an object (0x22d1b4b0) already deleted (list name = TList)
Error in <TList::Clear>: A list is accessing an object (0x2bccece0) already deleted (list name = TList)
Error in <TList::Clear>: A list is accessing an object (0x2bccee60) already deleted (list name = TList)
Error in <TList::Clear>: A list is accessing an object (0x34a7dc60) already deleted (list name = TList)
Error in <TList::Clear>: A list is accessing an object (0x34bd3a00) already deleted (list name = TList)
Error in <TList::Clear>: A list is accessing an object (0x351ec9f0) already deleted (list name = TList)
Error in <TList::Clear>: A list is accessing an object (0x351bece0) already deleted (list name = TList)
Error in <TList::Clear>: A list is accessing an object (0x41d3b960) already deleted (list name = TList)
Error in <TList::Clear>: A list is accessing an object (0x41c71420) already deleted (list name = TList)
Error in <TList::Clear>: A list is accessing an object (0x4229aef0) already deleted (list name = TList)
Error in <TList::Clear>: A list is accessing an object (0x4225d280) already deleted (list name = TList)
Error in <TList::Clear>: A list is accessing an object (0x42865d40) already deleted (list name = TList)
Error in <TList::Clear>: A list is accessing an object (0x427bdab0) already deleted (list name = TList)
Error in <TList::Clear>: A list is accessing an object (0x4ea64410) already deleted (list name = TList)
Error in <TList::Clear>: A list is accessing an object (0x4e922530) already deleted (list name = TList)
Error in <TList::Clear>: A list is accessing an object (0x53a783e0) already deleted (list name = TList)
Error in <TList::Clear>: A list is accessing an object (0x539d5e00) already deleted (list name = TList)
Error in <TList::Clear>: A list is accessing an object (0x5a53c4a0) already deleted (list name = TList)
Error in <TList::Clear>: A list is accessing an object (0x5a51bb10) already deleted (list name = TList)
Error in <TList::Clear>: A list is accessing an object (0x68759e10) already deleted (list name = TList)
Error in <TList::Clear>: A list is accessing an object (0x687aed80) already deleted (list name = TList)
Error in <TList::Clear>: A list is accessing an object (0x70882bf0) already deleted (list name = TList)
Error in <TList::Clear>: A list is accessing an object (0x708efc40) already deleted (list name = TList)
Error in <TList::Clear>: A list is accessing an object (0x75c4db00) already deleted (list name = TList)
Error in <TList::Clear>: A list is accessing an object (0x75c4dbf0) already deleted (list name = TList)
Error in <TList::Clear>: A list is accessing an object (0x7a75b0f0) already deleted (list name = TList)
Error in <TList::Clear>: A list is accessing an object (0x762f9510) already deleted (list name = TList)
Error in <TList::Clear>: A list is accessing an object (0x7c2a26c0) already deleted (list name = TList)
Error in <TList::Clear>: A list is accessing an object (0x7c2a27b0) already deleted (list name = TList)
Error in <TList::Clear>: A list is accessing an object (0x81e732b0) already deleted (list name = TList)
Error in <TList::Clear>: A list is accessing an object (0x81e73400) already deleted (list name = TList)
Error in <TList::Clear>: A list is accessing an object (0x87f2b640) already deleted (list name = TList)
Error in <TList::Clear>: A list is accessing an object (0x87f2e030) already deleted (list name = TList)
Error in <TList::Clear>: A list is accessing an object (0x8e38c4b0) already deleted (list name = TList)
Error in <TList::Clear>: A list is accessing an object (0x8e4d3110) already deleted (list name = TList)
Error in <TList::Clear>: A list is accessing an object (0x9968e260) already deleted (list name = TList)
Error in <TList::Clear>: A list is accessing an object (0x99717ea0) already deleted (list name = TList)
Error in <TList::Clear>: A list is accessing an object (0x99e3f650) already deleted (list name = TList)
Error in <TList::Clear>: A list is accessing an object (0x99e3f740) already deleted (list name = TList)
Error in <TList::Clear>: A list is accessing an object (0xa027deb0) already deleted (list name = TList)
Error in <TList::Clear>: A list is accessing an object (0xa026ecf0) already deleted (list name = TList)
Error in <TList::Clear>: A list is accessing an object (0xa7adb8e0) already deleted (list name = TList)
Error in <TList::Clear>: A list is accessing an object (0xa7adb9d0) already deleted (list name = TList)
Error in <TList::Clear>: A list is accessing an object (0xad2cd7e0) already deleted (list name = TList)
Error in <TList::Clear>: A list is accessing an object (0xad294dc0) already deleted (list name = TList)
Error in <TList::Clear>: A list is accessing an object (0xb3a76250) already deleted (list name = TList)
Error in <TList::Clear>: A list is accessing an object (0xb3a8b210) already deleted (list name = TList)
Error in <TList::Clear>: A list is accessing an object (0xbe3b7be0) already deleted (list name = TList)
Error in <TList::Clear>: A list is accessing an object (0xbe431730) already deleted (list name = TList)
Error in <TList::Clear>: A list is accessing an object (0xbe9c8ae0) already deleted (list name = TList)
Error in <TList::Clear>: A list is accessing an object (0xbe9c8bd0) already deleted (list name = TList)
Error in <TList::Clear>: A list is accessing an object (0xcc52ddf0) already deleted (list name = TList)
Error in <TList::Clear>: A list is accessing an object (0xcc52dee0) already deleted (list name = TList)
Error in <TList::Clear>: A list is accessing an object (0xd2d43750) already deleted (list name = TList)
Error in <TList::Clear>: A list is accessing an object (0xce6ad860) already deleted (list name = TList)
Error in <TList::Clear>: A list is accessing an object (0xd3fa4a20) already deleted (list name = TList)
Error in <TList::Clear>: A list is accessing an object (0xd3f912f0) already deleted (list name = TList)
Error in <TList::Clear>: A list is accessing an object (0xd4022da0) already deleted (list name = TList)
Error in <TList::Clear>: A list is accessing an object (0xd4022e90) already deleted (list name = TList)
Error in <TList::Clear>: A list is accessing an object (0xdf9f4090) already deleted (list name = TList)
Error in <TList::Clear>: A list is accessing an object (0xdf925710) already deleted (list name = TList)
Error in <TList::Clear>: A list is accessing an object (0xe455fcf0) already deleted (list name = TList)
Error in <TList::Clear>: A list is accessing an object (0xe455fe40) already deleted (list name = TList)
Error in <TList::Clear>: A list is accessing an object (0xd7ef0700) already deleted (list name = TList)
Error in <TList::Clear>: A list is accessing an object (0xd7ef08e0) already deleted (list name = TList)
Error in <TList::Clear>: A list is accessing an object (0xdfc32630) already deleted (list name = TList)
Error in <TList::Clear>: A list is accessing an object (0xdfc09e70) already deleted (list name = TList)
Error in <TList::Clear>: A list is accessing an object (0xec747600) already deleted (list name = TList)
Error in <TList::Clear>: A list is accessing an object (0xf0c4eda0) already deleted (list name = TList)
Error in <TList::Clear>: A list is accessing an object (0xf3656e30) already deleted (list name = TList)
Error in <TList::Clear>: A list is accessing an object (0xf3658a70) already deleted (list name = TList)
Error in <TList::Clear>: A list is accessing an object (0xf1127f10) already deleted (list name = TList)
Error in <TList::Clear>: A list is accessing an object (0xf57d4240) already deleted (list name = TList)
Error in <TList::Clear>: A list is accessing an object (0xfeb02f40) already deleted (list name = TList)
Error in <TList::Clear>: A list is accessing an object (0xfa16a8d0) already deleted (list name = TList)
Error in <TList::Clear>: A list is accessing an object (0x1011b79a0) already deleted (list name = TList)
Error in <TList::Clear>: A list is accessing an object (0xfeb992c0) already deleted (list name = TList)
Error in <TList::Clear>: A list is accessing an object (0xfed42940) already deleted (list name = TList)
Error in <TList::Clear>: A list is accessing an object (0xfeca3850) already deleted (list name = TList)
Error in <TList::Clear>: A list is accessing an object (0x106419850) already deleted (list name = TList)
Error in <TList::Clear>: A list is accessing an object (0x1064199d0) already deleted (list name = TList)
Error in <TList::Clear>: A list is accessing an object (0x10f2f2930) already deleted (list name = TList)
Error in <TList::Clear>: A list is accessing an object (0x10f2ee9c0) already deleted (list name = TList)
Error in <TList::Clear>: A list is accessing an object (0x113d5bab0) already deleted (list name = TList)
Error in <TList::Clear>: A list is accessing an object (0x113d5bc00) already deleted (list name = TList)
Error in <TList::Clear>: A list is accessing an object (0x113e2b8b0) already deleted (list name = TList)
Error in <TList::Clear>: A list is accessing an object (0x113e2ba90) already deleted (list name = TList)
Error in <TList::Clear>: A list is accessing an object (0x11965b7e0) already deleted (list name = TList)
Error in <TList::Clear>: A list is accessing an object (0x11965b9c0) already deleted (list name = TList)
Error in <TList::Clear>: A list is accessing an object (0x113fcabe0) already deleted (list name = TList)
Error in <TList::Clear>: A list is accessing an object (0x113fcadc0) already deleted (list name = TList)
Error in <TList::Clear>: A list is accessing an object (0x11af26860) already deleted (list name = TList)
Error in <TList::Clear>: A list is accessing an object (0x123dd7080) already deleted (list name = TList)
Error in <TList::Clear>: A list is accessing an object (0x123ec3ef0) already deleted (list name = TList)
Error in <TList::Clear>: A list is accessing an object (0x125dca1b0) already deleted (list name = TList)
Error in <TList::Clear>: A list is accessing an object (0x11f518760) already deleted (list name = TList)
Error in <TList::Clear>: A list is accessing an object (0x127d6cf40) already deleted (list name = TList)
Error in <TList::Clear>: A list is accessing an object (0x12bf6e3d0) already deleted (list name = TList)
Error in <TList::Clear>: A list is accessing an object (0x12bf68350) already deleted (list name = TList)
Error in <TList::Clear>: A list is accessing an object (0x12bfb39f0) already deleted (list name = TList)
Error in <TList::Clear>: A list is accessing an object (0x12fd897f0) already deleted (list name = TList)
Error in <TList::Clear>: A list is accessing an object (0x12fe2c1c0) already deleted (list name = TList)
Error in <TList::Clear>: A list is accessing an object (0x136195620) already deleted (list name = TList)
Error in <TList::Clear>: A list is accessing an object (0x13c3c18a0) already deleted (list name = TList)
Error in <TList::Clear>: A list is accessing an object (0x13c3daf80) already deleted (list name = TList)
Error in <TList::Clear>: A list is accessing an object (0x1458f1620) already deleted (list name = TList)
Error in <TList::Clear>: A list is accessing an object (0x1458c3350) already deleted (list name = TList)
Error in <TList::Clear>: A list is accessing an object (0x14e1c1cd0) already deleted (list name = TList)
Error in <TList::Clear>: A list is accessing an object (0x14e1f04d0) already deleted (list name = TList)
Error in <TList::Clear>: A list is accessing an object (0x1582be8e0) already deleted (list name = TList)
Error in <TList::Clear>: A list is accessing an object (0x1581f9a20) already deleted (list name = TList)
Error in <TList::Clear>: A list is accessing an object (0x16063bd20) already deleted (list name = TList)
Error in <TList::Clear>: A list is accessing an object (0x15e7cbed0) already deleted (list name = TList)
Error in <TList::Clear>: A list is accessing an object (0x1686307d0) already deleted (list name = TList)
Error in <TList::Clear>: A list is accessing an object (0x168630950) already deleted (list name = TList)
Error in <TList::Clear>: A list is accessing an object (0x1688495b0) already deleted (list name = TList)
Error in <TList::Clear>: A list is accessing an object (0x168845ef0) already deleted (list name = TList)
Error in <TList::Clear>: A list is accessing an object (0x16fa91d30) already deleted (list name = TList)
Error in <TList::Clear>: A list is accessing an object (0x16f9a68a0) already deleted (list name = TList)
Error in <TList::Clear>: A list is accessing an object (0x175db6bb0) already deleted (list name = TList)
Error in <TList::Clear>: A list is accessing an object (0x179d2f770) already deleted (list name = TList)
Error in <TList::Clear>: A list is accessing an object (0x17bd53600) already deleted (list name = TList)
Error in <TList::Clear>: A list is accessing an object (0x17bd46f80) already deleted (list name = TList)
Error in <TList::Clear>: A list is accessing an object (0x1828de0b0) already deleted (list name = TList)
Error in <TList::Clear>: A list is accessing an object (0x1828db4f0) already deleted (list name = TList)
Error in <TList::Clear>: A list is accessing an object (0x1907ef750) already deleted (list name = TList)
Error in <TList::Clear>: A list is accessing an object (0x18a7a59e0) already deleted (list name = TList)
Error in <TList::Clear>: A list is accessing an object (0x18aa0ec70) already deleted (list name = TList)
Error in <TList::Clear>: A list is accessing an object (0x18aa0ed60) already deleted (list name = TList)
Error in <TList::Clear>: A list is accessing an object (0x195b46ea0) already deleted (list name = TList)
Error in <TList::Clear>: A list is accessing an object (0x195c03b90) already deleted (list name = TList)
Error in <TList::Clear>: A list is accessing an object (0x1a0143c10) already deleted (list name = TList)
Error in <TList::Clear>: A list is accessing an object (0x19aef43a0) already deleted (list name = TList)
Error in <TList::Clear>: A list is accessing an object (0x19b45ec50) already deleted (list name = TList)
Error in <TList::Clear>: A list is accessing an object (0x19b45ed40) already deleted (list name = TList)
Error in <TList::Clear>: A list is accessing an object (0x1a4621c00) already deleted (list name = TList)
Error in <TList::Clear>: A list is accessing an object (0x1a46e70f0) already deleted (list name = TList)
Error in <TList::Clear>: A list is accessing an object (0x1ae136fd0) already deleted (list name = TList)
Error in <TList::Clear>: A list is accessing an object (0x1ae1370c0) already deleted (list name = TList)
Error in <TList::Clear>: A list is accessing an object (0x1b30473e0) already deleted (list name = TList)
Error in <TList::Clear>: A list is accessing an object (0x1b30b01b0) already deleted (list name = TList)
Error in <TList::Clear>: A list is accessing an object (0x1b84a31d0) already deleted (list name = TList)
Error in <TList::Clear>: A list is accessing an object (0x1b7983d90) already deleted (list name = TList)
Error in <TList::Clear>: A list is accessing an object (0x1b87e89a0) already deleted (list name = TList)
Error in <TList::Clear>: A list is accessing an object (0x1b8702330) already deleted (list name = TList)
Error in <TList::Clear>: A list is accessing an object (0x91342a0) already deleted (list name = TList)
Error in <TList::Clear>: A list is accessing an object (0x91344d0) already deleted (list name = TList)
