Traceback (most recent call last):
  File "/mnt/cmsrm-home01.roma1.infn.it/cmshome/fderiggi/CMSSW_10_2_13/bin/slc7_amd64_gcc700/text2workspace.py", line 37, in <module>
    file = open(options.fileName, "r")
IOError: [Errno 2] No such file or directory: 'Datacard_ALT_L1.txt'
Traceback (most recent call last):
  File "/mnt/cmsrm-home01.roma1.infn.it/cmshome/fderiggi/CMSSW_10_2_13/bin/slc7_amd64_gcc700/text2workspace.py", line 55, in <module>
    __import__(physModMod)
  File "/cvmfs/cms.cern.ch/slc7_amd64_gcc700/lcg/root/6.12.07-gnimlf5/lib/ROOT.py", line 318, in _importhook
    return _orig_ihook( name, *args, **kwds )
ImportError: No module named FL1_Interference_JHU_rw_MengsMuV
Traceback (most recent call last):
  File "/mnt/cmsrm-home01.roma1.infn.it/cmshome/fderiggi/CMSSW_10_2_13/bin/slc7_amd64_gcc700/text2workspace.py", line 56, in <module>
    __import__(physModMod)
  File "/cvmfs/cms.cern.ch/slc7_amd64_gcc700/lcg/root/6.12.07-gnimlf5/lib/ROOT.py", line 318, in _importhook
    return _orig_ihook( name, *args, **kwds )
ImportError: No module named FL1_Interference_JHU_rw_MengsMuV
Traceback (most recent call last):
  File "/mnt/cmsrm-home01.roma1.infn.it/cmshome/fderiggi/CMSSW_10_2_13/bin/slc7_amd64_gcc700/text2workspace.py", line 56, in <module>
    __import__(physModMod)
  File "/cvmfs/cms.cern.ch/slc7_amd64_gcc700/lcg/root/6.12.07-gnimlf5/lib/ROOT.py", line 318, in _importhook
    return _orig_ihook( name, *args, **kwds )
ImportError: No module named FL1_Interference_JHU_rw_MengsMuV
Traceback (most recent call last):
  File "/mnt/cmsrm-home01.roma1.infn.it/cmshome/fderiggi/CMSSW_10_2_13/bin/slc7_amd64_gcc700/text2workspace.py", line 40, in <module>
    DC = parseCard(file, options)
  File "/mnt/cmsrm-home01.roma1.infn.it/cmshome/fderiggi/CMSSW_10_2_13/python/HiggsAnalysis/CombinedLimit/DatacardParser.py", line 304, in parseCard
    if v <= 0.00: raise ValueError('Found "%s" in the nuisances affecting %s for %s. This would lead to NANs later on, so please fix it.'%(r,p,b))
ValueError: Error reading line 2085 of file Datacard_ALT_L1.txt: Found "2.000/0.000" in the nuisances affecting ggH_2016preVFP_hgg for RECO_TTH_HAD_PTH_60_120_Tag1. This would lead to NANs later on, so please fix it.
Error in <TList::Clear>: A list is accessing an object (0x82eb0d0) already deleted (list name = TList)
Error in <TList::Clear>: A list is accessing an object (0x82eb300) already deleted (list name = TList)
Error in <TList::Clear>: A list is accessing an object (0x10c3d410) already deleted (list name = TList)
Error in <TList::Clear>: A list is accessing an object (0x10c3d640) already deleted (list name = TList)
Error in <TList::Clear>: A list is accessing an object (0x1644fb40) already deleted (list name = TList)
Error in <TList::Clear>: A list is accessing an object (0x1592c700) already deleted (list name = TList)
Error in <TList::Clear>: A list is accessing an object (0x1b2a54b0) already deleted (list name = TList)
Error in <TList::Clear>: A list is accessing an object (0x168d7f10) already deleted (list name = TList)
Error in <TList::Clear>: A list is accessing an object (0x21e9dcb0) already deleted (list name = TList)
Error in <TList::Clear>: A list is accessing an object (0x21e7c2d0) already deleted (list name = TList)
Error in <TList::Clear>: A list is accessing an object (0x2ae47c90) already deleted (list name = TList)
Error in <TList::Clear>: A list is accessing an object (0x2ae47e10) already deleted (list name = TList)
Error in <TList::Clear>: A list is accessing an object (0x33cf56a0) already deleted (list name = TList)
Error in <TList::Clear>: A list is accessing an object (0x33db2100) already deleted (list name = TList)
Error in <TList::Clear>: A list is accessing an object (0x341d8c40) already deleted (list name = TList)
Error in <TList::Clear>: A list is accessing an object (0x34261a80) already deleted (list name = TList)
Error in <TList::Clear>: A list is accessing an object (0x40c86910) already deleted (list name = TList)
Error in <TList::Clear>: A list is accessing an object (0x40c82d10) already deleted (list name = TList)
Error in <TList::Clear>: A list is accessing an object (0x41209730) already deleted (list name = TList)
Error in <TList::Clear>: A list is accessing an object (0x411b9cb0) already deleted (list name = TList)
Error in <TList::Clear>: A list is accessing an object (0x41621ce0) already deleted (list name = TList)
Error in <TList::Clear>: A list is accessing an object (0x4151f050) already deleted (list name = TList)
Error in <TList::Clear>: A list is accessing an object (0x41615990) already deleted (list name = TList)
Error in <TList::Clear>: A list is accessing an object (0x41659910) already deleted (list name = TList)
Error in <TList::Clear>: A list is accessing an object (0x5281ed80) already deleted (list name = TList)
Error in <TList::Clear>: A list is accessing an object (0x52843410) already deleted (list name = TList)
Error in <TList::Clear>: A list is accessing an object (0x5929d770) already deleted (list name = TList)
Error in <TList::Clear>: A list is accessing an object (0x59291ef0) already deleted (list name = TList)
Error in <TList::Clear>: A list is accessing an object (0x6733ae00) already deleted (list name = TList)
Error in <TList::Clear>: A list is accessing an object (0x673fcaa0) already deleted (list name = TList)
Error in <TList::Clear>: A list is accessing an object (0x6f4de760) already deleted (list name = TList)
Error in <TList::Clear>: A list is accessing an object (0x6f4de850) already deleted (list name = TList)
Error in <TList::Clear>: A list is accessing an object (0x7479b470) already deleted (list name = TList)
Error in <TList::Clear>: A list is accessing an object (0x7479b560) already deleted (list name = TList)
Error in <TList::Clear>: A list is accessing an object (0x74f124c0) already deleted (list name = TList)
Error in <TList::Clear>: A list is accessing an object (0x74eabfc0) already deleted (list name = TList)
Error in <TList::Clear>: A list is accessing an object (0x7ae472a0) already deleted (list name = TList)
Error in <TList::Clear>: A list is accessing an object (0x7af6a530) already deleted (list name = TList)
Error in <TList::Clear>: A list is accessing an object (0x80b27f10) already deleted (list name = TList)
Error in <TList::Clear>: A list is accessing an object (0x80b7b200) already deleted (list name = TList)
Error in <TList::Clear>: A list is accessing an object (0x86929be0) already deleted (list name = TList)
Error in <TList::Clear>: A list is accessing an object (0x8685f030) already deleted (list name = TList)
Error in <TList::Clear>: A list is accessing an object (0x8ca856f0) already deleted (list name = TList)
Error in <TList::Clear>: A list is accessing an object (0x8cee49f0) already deleted (list name = TList)
Error in <TList::Clear>: A list is accessing an object (0x97e41ab0) already deleted (list name = TList)
Error in <TList::Clear>: A list is accessing an object (0x96d09a50) already deleted (list name = TList)
Error in <TList::Clear>: A list is accessing an object (0x9cc32710) already deleted (list name = TList)
Error in <TList::Clear>: A list is accessing an object (0x9cc2b740) already deleted (list name = TList)
Error in <TList::Clear>: A list is accessing an object (0x9e865560) already deleted (list name = TList)
Error in <TList::Clear>: A list is accessing an object (0x9e865650) already deleted (list name = TList)
Error in <TList::Clear>: A list is accessing an object (0xa60e4f50) already deleted (list name = TList)
Error in <TList::Clear>: A list is accessing an object (0xa6202200) already deleted (list name = TList)
Error in <TList::Clear>: A list is accessing an object (0xaba86a50) already deleted (list name = TList)
Error in <TList::Clear>: A list is accessing an object (0xab8a38c0) already deleted (list name = TList)
Error in <TList::Clear>: A list is accessing an object (0xb20e9f70) already deleted (list name = TList)
Error in <TList::Clear>: A list is accessing an object (0xb20ea060) already deleted (list name = TList)
Error in <TList::Clear>: A list is accessing an object (0xbca598e0) already deleted (list name = TList)
Error in <TList::Clear>: A list is accessing an object (0xbca599d0) already deleted (list name = TList)
Error in <TList::Clear>: A list is accessing an object (0xbd02f080) already deleted (list name = TList)
Error in <TList::Clear>: A list is accessing an object (0xbcfe02c0) already deleted (list name = TList)
Error in <TList::Clear>: A list is accessing an object (0xccae58d0) already deleted (list name = TList)
Error in <TList::Clear>: A list is accessing an object (0xcca19c50) already deleted (list name = TList)
Error in <TList::Clear>: A list is accessing an object (0xd219f850) already deleted (list name = TList)
Error in <TList::Clear>: A list is accessing an object (0xccb61060) already deleted (list name = TList)
Error in <TList::Clear>: A list is accessing an object (0xd4895870) already deleted (list name = TList)
Error in <TList::Clear>: A list is accessing an object (0xd2322fd0) already deleted (list name = TList)
Error in <TList::Clear>: A list is accessing an object (0xd6260000) already deleted (list name = TList)
Error in <TList::Clear>: A list is accessing an object (0xd6256940) already deleted (list name = TList)
Error in <TList::Clear>: A list is accessing an object (0xd9f02390) already deleted (list name = TList)
Error in <TList::Clear>: A list is accessing an object (0xddd88f70) already deleted (list name = TList)
Error in <TList::Clear>: A list is accessing an object (0xe29cc430) already deleted (list name = TList)
Error in <TList::Clear>: A list is accessing an object (0xe29cf450) already deleted (list name = TList)
Error in <TList::Clear>: A list is accessing an object (0xe28bd410) already deleted (list name = TList)
Error in <TList::Clear>: A list is accessing an object (0xe4adc820) already deleted (list name = TList)
Error in <TList::Clear>: A list is accessing an object (0xe6babe60) already deleted (list name = TList)
Error in <TList::Clear>: A list is accessing an object (0xe8c554b0) already deleted (list name = TList)
Error in <TList::Clear>: A list is accessing an object (0xe6cc0060) already deleted (list name = TList)
Error in <TList::Clear>: A list is accessing an object (0xef0cf370) already deleted (list name = TList)
Error in <TList::Clear>: A list is accessing an object (0xf189c0e0) already deleted (list name = TList)
Error in <TList::Clear>: A list is accessing an object (0xf189c230) already deleted (list name = TList)
Error in <TList::Clear>: A list is accessing an object (0xf3c86840) already deleted (list name = TList)
Error in <TList::Clear>: A list is accessing an object (0xf8074410) already deleted (list name = TList)
Error in <TList::Clear>: A list is accessing an object (0xf8365760) already deleted (list name = TList)
Error in <TList::Clear>: A list is accessing an object (0xfce85d90) already deleted (list name = TList)
Error in <TList::Clear>: A list is accessing an object (0xfcf03fc0) already deleted (list name = TList)
Error in <TList::Clear>: A list is accessing an object (0xfcfb3250) already deleted (list name = TList)
Error in <TList::Clear>: A list is accessing an object (0x100ebb130) already deleted (list name = TList)
Error in <TList::Clear>: A list is accessing an object (0x100ebb280) already deleted (list name = TList)
Error in <TList::Clear>: A list is accessing an object (0x1047e30b0) already deleted (list name = TList)
Error in <TList::Clear>: A list is accessing an object (0x106d35cb0) already deleted (list name = TList)
Error in <TList::Clear>: A list is accessing an object (0x104b6f7b0) already deleted (list name = TList)
Error in <TList::Clear>: A list is accessing an object (0x104b6f410) already deleted (list name = TList)
Error in <TList::Clear>: A list is accessing an object (0x111f12fd0) already deleted (list name = TList)
Error in <TList::Clear>: A list is accessing an object (0x10d8b8f20) already deleted (list name = TList)
Error in <TList::Clear>: A list is accessing an object (0x11207cde0) already deleted (list name = TList)
Error in <TList::Clear>: A list is accessing an object (0x1162f9de0) already deleted (list name = TList)
Error in <TList::Clear>: A list is accessing an object (0x117800780) already deleted (list name = TList)
Error in <TList::Clear>: A list is accessing an object (0x1178008d0) already deleted (list name = TList)
Error in <TList::Clear>: A list is accessing an object (0x11b44f630) already deleted (list name = TList)
Error in <TList::Clear>: A list is accessing an object (0x11b44f810) already deleted (list name = TList)
Error in <TList::Clear>: A list is accessing an object (0x119107a60) already deleted (list name = TList)
Error in <TList::Clear>: A list is accessing an object (0x11d5a5ea0) already deleted (list name = TList)
Error in <TList::Clear>: A list is accessing an object (0x11d6b1590) already deleted (list name = TList)
Error in <TList::Clear>: A list is accessing an object (0x123f497f0) already deleted (list name = TList)
Error in <TList::Clear>: A list is accessing an object (0x125ebcbf0) already deleted (list name = TList)
Error in <TList::Clear>: A list is accessing an object (0x11d6ef000) already deleted (list name = TList)
Error in <TList::Clear>: A list is accessing an object (0x125f09ed0) already deleted (list name = TList)
Error in <TList::Clear>: A list is accessing an object (0x125f0a0b0) already deleted (list name = TList)
Error in <TList::Clear>: A list is accessing an object (0x130255dd0) already deleted (list name = TList)
Error in <TList::Clear>: A list is accessing an object (0x12a133800) already deleted (list name = TList)
Error in <TList::Clear>: A list is accessing an object (0x12dee21f0) already deleted (list name = TList)
Error in <TList::Clear>: A list is accessing an object (0x12a10fb10) already deleted (list name = TList)
Error in <TList::Clear>: A list is accessing an object (0x13a194580) already deleted (list name = TList)
Error in <TList::Clear>: A list is accessing an object (0x13a184010) already deleted (list name = TList)
Error in <TList::Clear>: A list is accessing an object (0x1438fcca0) already deleted (list name = TList)
Error in <TList::Clear>: A list is accessing an object (0x1438fb320) already deleted (list name = TList)
Error in <TList::Clear>: A list is accessing an object (0x14c267190) already deleted (list name = TList)
Error in <TList::Clear>: A list is accessing an object (0x14c267280) already deleted (list name = TList)
Error in <TList::Clear>: A list is accessing an object (0x1561f8230) already deleted (list name = TList)
Error in <TList::Clear>: A list is accessing an object (0x156241190) already deleted (list name = TList)
Error in <TList::Clear>: A list is accessing an object (0x15e5ad2d0) already deleted (list name = TList)
Error in <TList::Clear>: A list is accessing an object (0x15e5b35f0) already deleted (list name = TList)
Error in <TList::Clear>: A list is accessing an object (0x1664a6070) already deleted (list name = TList)
Error in <TList::Clear>: A list is accessing an object (0x1664b2c40) already deleted (list name = TList)
Error in <TList::Clear>: A list is accessing an object (0x166891480) already deleted (list name = TList)
Error in <TList::Clear>: A list is accessing an object (0x16c5fce10) already deleted (list name = TList)
Error in <TList::Clear>: A list is accessing an object (0x16d9f6f30) already deleted (list name = TList)
Error in <TList::Clear>: A list is accessing an object (0x16dab55a0) already deleted (list name = TList)
Error in <TList::Clear>: A list is accessing an object (0x173acefa0) already deleted (list name = TList)
Error in <TList::Clear>: A list is accessing an object (0x173d846b0) already deleted (list name = TList)
Error in <TList::Clear>: A list is accessing an object (0x179d68030) already deleted (list name = TList)
Error in <TList::Clear>: A list is accessing an object (0x179c4a890) already deleted (list name = TList)
Error in <TList::Clear>: A list is accessing an object (0x180515120) already deleted (list name = TList)
Error in <TList::Clear>: A list is accessing an object (0x1807ef7a0) already deleted (list name = TList)
Error in <TList::Clear>: A list is accessing an object (0x1808e7830) already deleted (list name = TList)
Error in <TList::Clear>: A list is accessing an object (0x1808e7920) already deleted (list name = TList)
Error in <TList::Clear>: A list is accessing an object (0x188d88d30) already deleted (list name = TList)
Error in <TList::Clear>: A list is accessing an object (0x188d88e20) already deleted (list name = TList)
Error in <TList::Clear>: A list is accessing an object (0x198c47960) already deleted (list name = TList)
Error in <TList::Clear>: A list is accessing an object (0x193a831e0) already deleted (list name = TList)
Error in <TList::Clear>: A list is accessing an object (0x193e969a0) already deleted (list name = TList)
Error in <TList::Clear>: A list is accessing an object (0x193f2ba40) already deleted (list name = TList)
Error in <TList::Clear>: A list is accessing an object (0x1991c5760) already deleted (list name = TList)
Error in <TList::Clear>: A list is accessing an object (0x199245980) already deleted (list name = TList)
Error in <TList::Clear>: A list is accessing an object (0x1a2530790) already deleted (list name = TList)
Error in <TList::Clear>: A list is accessing an object (0x1a245dcd0) already deleted (list name = TList)
Error in <TList::Clear>: A list is accessing an object (0x1a75b7b00) already deleted (list name = TList)
Error in <TList::Clear>: A list is accessing an object (0x1abea85f0) already deleted (list name = TList)
Error in <TList::Clear>: A list is accessing an object (0x1b0c951d0) already deleted (list name = TList)
Error in <TList::Clear>: A list is accessing an object (0x1b0c3d220) already deleted (list name = TList)
Error in <TList::Clear>: A list is accessing an object (0x1b11a6f30) already deleted (list name = TList)
Error in <TList::Clear>: A list is accessing an object (0x1b11d20c0) already deleted (list name = TList)
Error in <TList::Clear>: A list is accessing an object (0x1b8d87fb0) already deleted (list name = TList)
Error in <TList::Clear>: A list is accessing an object (0x1b8d88130) already deleted (list name = TList)
Error in <TList::Clear>: A list is accessing an object (0x82eb0d0) already deleted (list name = TList)
Error in <TList::Clear>: A list is accessing an object (0x82eb300) already deleted (list name = TList)
perl: warning: Setting locale failed.
perl: warning: Please check that your locale settings:
	LANGUAGE = (unset),
	LC_ALL = (unset),
	LC_CTYPE = "UTF-8",
	LANG = "C"
    are supported and installed on your system.
perl: warning: Falling back to the standard locale ("C").
Error in <TList::Clear>: A list is accessing an object (0x87faa40) already deleted (list name = TList)
Error in <TList::Clear>: A list is accessing an object (0x87fac70) already deleted (list name = TList)
Error in <TList::Clear>: A list is accessing an object (0x11149e00) already deleted (list name = TList)
Error in <TList::Clear>: A list is accessing an object (0x1114a030) already deleted (list name = TList)
Error in <TList::Clear>: A list is accessing an object (0x16920bf0) already deleted (list name = TList)
Error in <TList::Clear>: A list is accessing an object (0x1694b1c0) already deleted (list name = TList)
Error in <TList::Clear>: A list is accessing an object (0x16e0b670) already deleted (list name = TList)
Error in <TList::Clear>: A list is accessing an object (0x16de2db0) already deleted (list name = TList)
Error in <TList::Clear>: A list is accessing an object (0x223bad60) already deleted (list name = TList)
Error in <TList::Clear>: A list is accessing an object (0x223cf980) already deleted (list name = TList)
Error in <TList::Clear>: A list is accessing an object (0x2b28e4c0) already deleted (list name = TList)
Error in <TList::Clear>: A list is accessing an object (0x2b28b1f0) already deleted (list name = TList)
Error in <TList::Clear>: A list is accessing an object (0x34250c50) already deleted (list name = TList)
Error in <TList::Clear>: A list is accessing an object (0x34250e30) already deleted (list name = TList)
Error in <TList::Clear>: A list is accessing an object (0x346f62b0) already deleted (list name = TList)
Error in <TList::Clear>: A list is accessing an object (0x3469ea90) already deleted (list name = TList)
Error in <TList::Clear>: A list is accessing an object (0x411375d0) already deleted (list name = TList)
Error in <TList::Clear>: A list is accessing an object (0x411f6740) already deleted (list name = TList)
Error in <TList::Clear>: A list is accessing an object (0x4171aba0) already deleted (list name = TList)
Error in <TList::Clear>: A list is accessing an object (0x41538ed0) already deleted (list name = TList)
Error in <TList::Clear>: A list is accessing an object (0x41baf930) already deleted (list name = TList)
Error in <TList::Clear>: A list is accessing an object (0x41a378d0) already deleted (list name = TList)
Error in <TList::Clear>: A list is accessing an object (0x4dd1f560) already deleted (list name = TList)
Error in <TList::Clear>: A list is accessing an object (0x4dc26560) already deleted (list name = TList)
Error in <TList::Clear>: A list is accessing an object (0x52d77cd0) already deleted (list name = TList)
Error in <TList::Clear>: A list is accessing an object (0x52d77dc0) already deleted (list name = TList)
Error in <TList::Clear>: A list is accessing an object (0x59806920) already deleted (list name = TList)
Error in <TList::Clear>: A list is accessing an object (0x596c9d80) already deleted (list name = TList)
Error in <TList::Clear>: A list is accessing an object (0x678c7090) already deleted (list name = TList)
Error in <TList::Clear>: A list is accessing an object (0x67916e30) already deleted (list name = TList)
Error in <TList::Clear>: A list is accessing an object (0x6fa561c0) already deleted (list name = TList)
Error in <TList::Clear>: A list is accessing an object (0x6fa55f90) already deleted (list name = TList)
Error in <TList::Clear>: A list is accessing an object (0x74be9a20) already deleted (list name = TList)
Error in <TList::Clear>: A list is accessing an object (0x74c87c00) already deleted (list name = TList)
Error in <TList::Clear>: A list is accessing an object (0x75281e40) already deleted (list name = TList)
Error in <TList::Clear>: A list is accessing an object (0x7541e5c0) already deleted (list name = TList)
Error in <TList::Clear>: A list is accessing an object (0x75423640) already deleted (list name = TList)
Error in <TList::Clear>: A list is accessing an object (0x7b33e5b0) already deleted (list name = TList)
Error in <TList::Clear>: A list is accessing an object (0x810516e0) already deleted (list name = TList)
Error in <TList::Clear>: A list is accessing an object (0x81075d90) already deleted (list name = TList)
Error in <TList::Clear>: A list is accessing an object (0x810c4080) already deleted (list name = TList)
Error in <TList::Clear>: A list is accessing an object (0x86d9b7a0) already deleted (list name = TList)
Error in <TList::Clear>: A list is accessing an object (0x8d31d750) already deleted (list name = TList)
Error in <TList::Clear>: A list is accessing an object (0x8d109320) already deleted (list name = TList)
Error in <TList::Clear>: A list is accessing an object (0x98330370) already deleted (list name = TList)
Error in <TList::Clear>: A list is accessing an object (0x9841f2e0) already deleted (list name = TList)
Error in <TList::Clear>: A list is accessing an object (0x9d1571c0) already deleted (list name = TList)
Error in <TList::Clear>: A list is accessing an object (0x98979210) already deleted (list name = TList)
Error in <TList::Clear>: A list is accessing an object (0x9ef85920) already deleted (list name = TList)
Error in <TList::Clear>: A list is accessing an object (0x9ee69310) already deleted (list name = TList)
Error in <TList::Clear>: A list is accessing an object (0xa6604e10) already deleted (list name = TList)
Error in <TList::Clear>: A list is accessing an object (0xa675d330) already deleted (list name = TList)
Error in <TList::Clear>: A list is accessing an object (0xabf9a6b0) already deleted (list name = TList)
Error in <TList::Clear>: A list is accessing an object (0xabedecf0) already deleted (list name = TList)
Error in <TList::Clear>: A list is accessing an object (0xb74f9b90) already deleted (list name = TList)
Error in <TList::Clear>: A list is accessing an object (0xb2641740) already deleted (list name = TList)
Error in <TList::Clear>: A list is accessing an object (0xbd015530) already deleted (list name = TList)
Error in <TList::Clear>: A list is accessing an object (0xb2c413f0) already deleted (list name = TList)
Error in <TList::Clear>: A list is accessing an object (0xbd4fd3f0) already deleted (list name = TList)
Error in <TList::Clear>: A list is accessing an object (0xbd523180) already deleted (list name = TList)
Error in <TList::Clear>: A list is accessing an object (0xcce84e50) already deleted (list name = TList)
Error in <TList::Clear>: A list is accessing an object (0xcd00e5f0) already deleted (list name = TList)
Error in <TList::Clear>: A list is accessing an object (0xcd0223c0) already deleted (list name = TList)
Error in <TList::Clear>: A list is accessing an object (0xd155de80) already deleted (list name = TList)
Error in <TList::Clear>: A list is accessing an object (0xd26ffe80) already deleted (list name = TList)
Error in <TList::Clear>: A list is accessing an object (0xd2631bb0) already deleted (list name = TList)
Error in <TList::Clear>: A list is accessing an object (0xda4421f0) already deleted (list name = TList)
Error in <TList::Clear>: A list is accessing an object (0xda4423d0) already deleted (list name = TList)
Error in <TList::Clear>: A list is accessing an object (0xd67f21c0) already deleted (list name = TList)
Error in <TList::Clear>: A list is accessing an object (0xde290e50) already deleted (list name = TList)
Error in <TList::Clear>: A list is accessing an object (0xde2f4730) already deleted (list name = TList)
Error in <TList::Clear>: A list is accessing an object (0xe2efffb0) already deleted (list name = TList)
Error in <TList::Clear>: A list is accessing an object (0xe4f9b670) already deleted (list name = TList)
Error in <TList::Clear>: A list is accessing an object (0xe4ff0c50) already deleted (list name = TList)
Error in <TList::Clear>: A list is accessing an object (0xde4e4960) already deleted (list name = TList)
Error in <TList::Clear>: A list is accessing an object (0xe91afca0) already deleted (list name = TList)
Error in <TList::Clear>: A list is accessing an object (0xeb167c90) already deleted (list name = TList)
Error in <TList::Clear>: A list is accessing an object (0xeb129de0) already deleted (list name = TList)
Error in <TList::Clear>: A list is accessing an object (0xef845a00) already deleted (list name = TList)
Error in <TList::Clear>: A list is accessing an object (0xf1e3d650) already deleted (list name = TList)
Error in <TList::Clear>: A list is accessing an object (0xf8441ae0) already deleted (list name = TList)
Error in <TList::Clear>: A list is accessing an object (0xf8582da0) already deleted (list name = TList)
Error in <TList::Clear>: A list is accessing an object (0xfd3e9760) already deleted (list name = TList)
Error in <TList::Clear>: A list is accessing an object (0xfd2edee0) already deleted (list name = TList)
Error in <TList::Clear>: A list is accessing an object (0xfd3b5580) already deleted (list name = TList)
Error in <TList::Clear>: A list is accessing an object (0xfd3b5760) already deleted (list name = TList)
Error in <TList::Clear>: A list is accessing an object (0xfd5b1de0) already deleted (list name = TList)
Error in <TList::Clear>: A list is accessing an object (0xfd5c6270) already deleted (list name = TList)
Error in <TList::Clear>: A list is accessing an object (0xfd60eeb0) already deleted (list name = TList)
Error in <TList::Clear>: A list is accessing an object (0x104d22740) already deleted (list name = TList)
Error in <TList::Clear>: A list is accessing an object (0x104fc4fb0) already deleted (list name = TList)
Error in <TList::Clear>: A list is accessing an object (0x10d9e5b20) already deleted (list name = TList)
Error in <TList::Clear>: A list is accessing an object (0x112375940) already deleted (list name = TList)
Error in <TList::Clear>: A list is accessing an object (0x11235c710) already deleted (list name = TList)
Error in <TList::Clear>: A list is accessing an object (0x1125b4590) already deleted (list name = TList)
Error in <TList::Clear>: A list is accessing an object (0x1125b46e0) already deleted (list name = TList)
Error in <TList::Clear>: A list is accessing an object (0x117cd8ca0) already deleted (list name = TList)
Error in <TList::Clear>: A list is accessing an object (0x117cd7680) already deleted (list name = TList)
Error in <TList::Clear>: A list is accessing an object (0x11b9d36b0) already deleted (list name = TList)
Error in <TList::Clear>: A list is accessing an object (0x1194f8ce0) already deleted (list name = TList)
Error in <TList::Clear>: A list is accessing an object (0x12245f050) already deleted (list name = TList)
Error in <TList::Clear>: A list is accessing an object (0x122459bd0) already deleted (list name = TList)
Error in <TList::Clear>: A list is accessing an object (0x124441a20) already deleted (list name = TList)
Error in <TList::Clear>: A list is accessing an object (0x12444f440) already deleted (list name = TList)
Error in <TList::Clear>: A list is accessing an object (0x1263d46a0) already deleted (list name = TList)
Error in <TList::Clear>: A list is accessing an object (0x126220a10) already deleted (list name = TList)
Error in <TList::Clear>: A list is accessing an object (0x12c9ef230) already deleted (list name = TList)
Error in <TList::Clear>: A list is accessing an object (0x12ca1dc70) already deleted (list name = TList)
Error in <TList::Clear>: A list is accessing an object (0x12e3930a0) already deleted (list name = TList)
Error in <TList::Clear>: A list is accessing an object (0x13076f320) already deleted (list name = TList)
Error in <TList::Clear>: A list is accessing an object (0x12e3da740) already deleted (list name = TList)
Error in <TList::Clear>: A list is accessing an object (0x12e3d52d0) already deleted (list name = TList)
Error in <TList::Clear>: A list is accessing an object (0x13a9adbd0) already deleted (list name = TList)
Error in <TList::Clear>: A list is accessing an object (0x1325113a0) already deleted (list name = TList)
Error in <TList::Clear>: A list is accessing an object (0x143eb2800) already deleted (list name = TList)
Error in <TList::Clear>: A list is accessing an object (0x143da8a70) already deleted (list name = TList)
Error in <TList::Clear>: A list is accessing an object (0x14c515400) already deleted (list name = TList)
Error in <TList::Clear>: A list is accessing an object (0x14c7cfec0) already deleted (list name = TList)
Error in <TList::Clear>: A list is accessing an object (0x15665d060) already deleted (list name = TList)
Error in <TList::Clear>: A list is accessing an object (0x156664860) already deleted (list name = TList)
Error in <TList::Clear>: A list is accessing an object (0x15cb37670) already deleted (list name = TList)
Error in <TList::Clear>: A list is accessing an object (0x15e9194e0) already deleted (list name = TList)
Error in <TList::Clear>: A list is accessing an object (0x166624e30) already deleted (list name = TList)
Error in <TList::Clear>: A list is accessing an object (0x16662dfd0) already deleted (list name = TList)
Error in <TList::Clear>: A list is accessing an object (0x166ca9230) already deleted (list name = TList)
Error in <TList::Clear>: A list is accessing an object (0x166cf41c0) already deleted (list name = TList)
Error in <TList::Clear>: A list is accessing an object (0x16df8c660) already deleted (list name = TList)
Error in <TList::Clear>: A list is accessing an object (0x16df22b70) already deleted (list name = TList)
Error in <TList::Clear>: A list is accessing an object (0x17432d930) already deleted (list name = TList)
Error in <TList::Clear>: A list is accessing an object (0x174343610) already deleted (list name = TList)
Error in <TList::Clear>: A list is accessing an object (0x17a214ec0) already deleted (list name = TList)
Error in <TList::Clear>: A list is accessing an object (0x17a06b140) already deleted (list name = TList)
Error in <TList::Clear>: A list is accessing an object (0x180cf2930) already deleted (list name = TList)
Error in <TList::Clear>: A list is accessing an object (0x180bd6d60) already deleted (list name = TList)
Error in <TList::Clear>: A list is accessing an object (0x188d9d360) already deleted (list name = TList)
Error in <TList::Clear>: A list is accessing an object (0x188da9e20) already deleted (list name = TList)
Error in <TList::Clear>: A list is accessing an object (0x180dea6c0) already deleted (list name = TList)
Error in <TList::Clear>: A list is accessing an object (0x18926a0b0) already deleted (list name = TList)
Error in <TList::Clear>: A list is accessing an object (0x18933a5a0) already deleted (list name = TList)
Error in <TList::Clear>: A list is accessing an object (0x18932e6e0) already deleted (list name = TList)
Error in <TList::Clear>: A list is accessing an object (0x19431a660) already deleted (list name = TList)
Error in <TList::Clear>: A list is accessing an object (0x19e45b970) already deleted (list name = TList)
Error in <TList::Clear>: A list is accessing an object (0x194305210) already deleted (list name = TList)
Error in <TList::Clear>: A list is accessing an object (0x199749bb0) already deleted (list name = TList)
Error in <TList::Clear>: A list is accessing an object (0x199933440) already deleted (list name = TList)
Error in <TList::Clear>: A list is accessing an object (0x1a73a9640) already deleted (list name = TList)
Error in <TList::Clear>: A list is accessing an object (0x1a80072b0) already deleted (list name = TList)
Error in <TList::Clear>: A list is accessing an object (0x1a7d59980) already deleted (list name = TList)
Error in <TList::Clear>: A list is accessing an object (0x1b0f2e7b0) already deleted (list name = TList)
Error in <TList::Clear>: A list is accessing an object (0x1b0de12e0) already deleted (list name = TList)
Error in <TList::Clear>: A list is accessing an object (0x1b5adda00) already deleted (list name = TList)
Error in <TList::Clear>: A list is accessing an object (0x1b5addaf0) already deleted (list name = TList)
Error in <TList::Clear>: A list is accessing an object (0x1b68b4fd0) already deleted (list name = TList)
Error in <TList::Clear>: A list is accessing an object (0x1b678d680) already deleted (list name = TList)
Error in <TList::Clear>: A list is accessing an object (0x87faa40) already deleted (list name = TList)
Error in <TList::Clear>: A list is accessing an object (0x87fac70) already deleted (list name = TList)
